iMPACT Version: 
iMPACT log file Started on Tue Jan 15 23:49:36 2008

// *** BATCH CMD : loadProjectFile -file"/home/lixica/thig/fpga/lcd_counter/lcd_counter.ipf"
Reusing A0020001 key.
Reusing 24020001 key.
Connecting to cable (Usb Port - USB21).
Checking cable driver.
File version of /usr/local/Xilinx92i/bin/lin64/xusbdfwu.hex = 1030.
File version of /usr/share/xusbdfwu.hex = 1030.
 libusb-driver.so version: 2007-11-10 05:31:49.
 Cable PID = 0008.
 Max current requested during enumeration is 74 mA.
Type = 0x0004.
 Cable Type = 3, Revision = 0.
 Setting cable speed to 6 MHz.
Cable connection established.
Firmware version = 1301.
File version of /usr/local/Xilinx92i/data/xusb_xlp.hex = 1301.
Firmware hex file version = 1301.
ESN Family Code: 00
ESN: 000000000000
CPLD file version = 0012h.
CPLD version = 0012h.
'1': Loading file '/home/lixica/thig/fpga/lcd_counter/lcd.bit' ...
done.
INFO:iMPACT:1777 - 
   Reading /usr/local/Xilinx92i/spartan3e/data/xc3s500e.bsd...
WARNING:iMPACT:2257 - Startup Clock has been changed to 'JtagClk' in the   bitstream stored in memory,
   but the original bitstream file remains unchanged.
INFO:iMPACT:501 - '1': Added Device xc3s500e successfully.
----------------------------------------------------------------------
----------------------------------------------------------------------
INFO:iMPACT:1777 - 
   Reading /usr/local/Xilinx92i/xcf/data/xcf04s.bsd...
INFO:iMPACT:501 - '2': Added Device xcf04s successfully.
----------------------------------------------------------------------
----------------------------------------------------------------------
INFO:iMPACT:1777 - 
   Reading /usr/local/Xilinx92i/xbr/data/xc2c64a.bsd...
INFO:iMPACT:501 - '3': Added Device xc2c64a successfully.
----------------------------------------------------------------------
----------------------------------------------------------------------
Active mode is BS
// *** BATCH CMD : setMode -ss
// *** BATCH CMD : setMode -sm
// *** BATCH CMD : setMode -hw140
// *** BATCH CMD : setMode -spi
// *** BATCH CMD : setMode -acecf
// *** BATCH CMD : setMode -acempm
// *** BATCH CMD : setMode -pff
// *** BATCH CMD : setMode -bs
// *** BATCH CMD : setMode -bs
// *** BATCH CMD : setMode -bs
// *** BATCH CMD : setMode -bs
ERROR:iMPACT:1525 - File -- File ? -- can not be found.
ERROR:iMPACT:1525 - File -- File ? -- can not be found.
// *** BATCH CMD : setMode -bs
// *** BATCH CMD : deleteDevice -position 1
----------------------------------------------------------------------
// *** BATCH CMD : deleteDevice -position 1
----------------------------------------------------------------------
// *** BATCH CMD : deleteDevice -position 1
// *** BATCH CMD : setMode -ss
// *** BATCH CMD : setMode -sm
// *** BATCH CMD : setMode -hw140
// *** BATCH CMD : setMode -spi
// *** BATCH CMD : setMode -acecf
// *** BATCH CMD : setMode -acempm
// *** BATCH CMD : setMode -pff
// *** BATCH CMD : setMode -bs
