--------------------------------------------------------------------------------
Release 10.1.03 Trace  (nt)
Copyright (c) 1995-2008 Xilinx, Inc.  All rights reserved.

D:\Xilinx\10.1\ISE\bin\nt\unwrapped\trce.exe -ise
D:/Designs/DCSE/Modulo2/Modulo2/DCSEP2/DCSEP2.ise -intstyle ise -v 3 -s 4 -xml
DCSEP2 DCSEP2.ncd -o DCSEP2.twr DCSEP2.pcf -ucf DCSEP2.ucf

Design file:              DCSEP2.ncd
Physical constraint file: DCSEP2.pcf
Device,package,speed:     xc3s700a,fg484,-4 (PRODUCTION 1.41 2008-07-25)
Report level:             verbose report

Environment Variable      Effect 
--------------------      ------ 
NONE                      No environment variables were set
--------------------------------------------------------------------------------

INFO:Timing:2698 - No timing constraints found, doing default enumeration.
INFO:Timing:2752 - To get complete path coverage, use the unconstrained paths 
   option. All paths that are not constrained will be reported in the 
   unconstrained paths section(s) of the report.
INFO:Timing:3339 - The clock-to-out numbers in this timing report are based on 
   a 50 Ohm transmission line loading model.  For the details of this model, 
   and for more information on accounting for different loading conditions, 
   please see the device datasheet.



Data Sheet report:
-----------------
All values displayed in nanoseconds (ns)

Setup/Hold to clock inter<0>
------------+------------+------------+-------------------+--------+
            |  Setup to  |  Hold to   |                   | Clock  |
Source      | clk (edge) | clk (edge) |Internal Clock(s)  | Phase  |
------------+------------+------------+-------------------+--------+
up_down     |    0.504(R)|    3.010(R)|Inst_ramdump/clkRAM|   0.000|
------------+------------+------------+-------------------+--------+

Setup/Hold to clock inter<1>
------------+------------+------------+-------------------+--------+
            |  Setup to  |  Hold to   |                   | Clock  |
Source      | clk (edge) | clk (edge) |Internal Clock(s)  | Phase  |
------------+------------+------------+-------------------+--------+
up_down     |    0.723(R)|    2.737(R)|Inst_ramdump/clkRAM|   0.000|
------------+------------+------------+-------------------+--------+

Clock clk50 to Pad
------------+------------+------------------+--------+
            | clk (edge) |                  | Clock  |
Destination |   to PAD   |Internal Clock(s) | Phase  |
------------+------------+------------------+--------+
digit_out<0>|    7.234(R)|clk50_BUFGP       |   0.000|
digit_out<1>|    7.694(R)|clk50_BUFGP       |   0.000|
digit_out<2>|    7.157(R)|clk50_BUFGP       |   0.000|
digit_out<3>|    7.950(R)|clk50_BUFGP       |   0.000|
seg_out<0>  |    7.761(R)|clk50_BUFGP       |   0.000|
seg_out<1>  |    7.719(R)|clk50_BUFGP       |   0.000|
seg_out<2>  |    7.244(R)|clk50_BUFGP       |   0.000|
seg_out<3>  |    7.187(R)|clk50_BUFGP       |   0.000|
seg_out<4>  |    7.176(R)|clk50_BUFGP       |   0.000|
seg_out<5>  |    7.199(R)|clk50_BUFGP       |   0.000|
seg_out<6>  |    7.169(R)|clk50_BUFGP       |   0.000|
seg_out<7>  |    7.254(R)|clk50_BUFGP       |   0.000|
------------+------------+------------------+--------+

Clock to Setup on destination clock clk50
---------------+---------+---------+---------+---------+
               | Src:Rise| Src:Fall| Src:Rise| Src:Fall|
Source Clock   |Dest:Rise|Dest:Rise|Dest:Fall|Dest:Fall|
---------------+---------+---------+---------+---------+
clk50          |    4.729|         |         |         |
inter<0>       |    4.025|         |         |         |
inter<1>       |    4.025|         |         |         |
---------------+---------+---------+---------+---------+

Clock to Setup on destination clock inter<0>
---------------+---------+---------+---------+---------+
               | Src:Rise| Src:Fall| Src:Rise| Src:Fall|
Source Clock   |Dest:Rise|Dest:Rise|Dest:Fall|Dest:Fall|
---------------+---------+---------+---------+---------+
inter<0>       |    3.815|    1.749|         |    3.535|
inter<1>       |    3.815|    1.749|         |    3.535|
---------------+---------+---------+---------+---------+

Clock to Setup on destination clock inter<1>
---------------+---------+---------+---------+---------+
               | Src:Rise| Src:Fall| Src:Rise| Src:Fall|
Source Clock   |Dest:Rise|Dest:Rise|Dest:Fall|Dest:Fall|
---------------+---------+---------+---------+---------+
inter<0>       |    3.815|    1.749|         |    3.535|
inter<1>       |    3.815|    1.749|         |    3.535|
---------------+---------+---------+---------+---------+


Analysis completed Tue Dec 09 19:59:48 2008 
--------------------------------------------------------------------------------

Trace Settings:
-------------------------
Trace Settings 

Peak Memory Usage: 121 MB



