iMPACT Version: 10.1

iMPACT log file Started on Thu Aug 20 21:40:49 2009

// *** BATCH CMD : loadProjectFile -file "D:\Designs\DCSE\FPGAPrototyping\LCD/LCD.ipf"
'1': Loading file 'D:/Designs/DCSE/FPGA Prototyping/LCD/prueba_lcd.bit' ...
done.
INFO:iMPACT:1777 - 
   Reading C:/Xilinx/10.1/ISE/spartan3a/data/xc3s700a.bsd...
INFO:iMPACT:2257 - Startup Clock has been changed to 'JtagClk' in the bitstream   stored in memory,
   but the original bitstream file remains unchanged.
INFO:iMPACT:501 - '1': Added Device xc3s700a successfully.
----------------------------------------------------------------------
----------------------------------------------------------------------
INFO:iMPACT:1777 - 
   Reading C:/Xilinx/10.1/ISE/xcf/data/xcf04s.bsd...
INFO:iMPACT:501 - '2': Added Device xcf04s successfully.
----------------------------------------------------------------------
----------------------------------------------------------------------
Active mode is BS
// *** BATCH CMD : setMode -ss
// *** BATCH CMD : setMode -sm
// *** BATCH CMD : setMode -hw140
// *** BATCH CMD : setMode -spi
// *** BATCH CMD : setMode -acecf
// *** BATCH CMD : setMode -acempm
// *** BATCH CMD : setMode -pff
// *** BATCH CMD : setMode -bs
// *** BATCH CMD : setMode -bs
// *** BATCH CMD : setMode -bs
// *** BATCH CMD : setMode -bs
GUI --- Auto connect to cable...
// *** BATCH CMD : setCable -port auto
AutoDetecting cable. Please wait.
PROGRESS_START - Starting Operation.
Connecting to cable (Parallel Port - LPT1).
Checking cable driver.
 Driver windrvr6.sys version = 9.2.1.0. WinDriver v9.21 Jungo (c) 1997 - 2008 Build Date: Jul  3 2008 X86 32bit SYS18:41:51, version = 921.
Cable connection failed.
Connecting to cable (Parallel Port - LPT2).
Checking cable driver.
 Driver windrvr6.sys version = 9.2.1.0. WinDriver v9.21 Jungo (c) 1997 - 2008 Build Date: Jul  3 2008 X86 32bit SYS18:41:51, version = 921.
Cable connection failed.
Connecting to cable (Parallel Port - LPT3).
Checking cable driver.
 Driver windrvr6.sys version = 9.2.1.0. WinDriver v9.21 Jungo (c) 1997 - 2008 Build Date: Jul  3 2008 X86 32bit SYS18:41:51, version = 921.
Cable connection failed.
Connecting to cable (Parallel Port - LPT4).
Checking cable driver.
 Driver windrvr6.sys version = 9.2.1.0. WinDriver v9.21 Jungo (c) 1997 - 2008 Build Date: Jul  3 2008 X86 32bit SYS18:41:51, version = 921.
Cable connection failed.
Connecting to cable (Usb Port - USB21).
Checking cable driver.
 Driver file xusb_emb.sys found.
 Driver version: src=1029, dest=1029.
 Driver windrvr6.sys version = 9.2.1.0. WinDriver v9.21 Jungo (c) 1997 - 2008 Build Date: Jul  3 2008 X86 32bit SYS18:41:51, version = 921.
 Cable PID = 0008.
 Max current requested during enumeration is 74 mA.
Type = 0x0004.
 Cable Type = 3, Revision = 0.
 Setting cable speed to 6 MHz.
Cable connection established.
Firmware version = 1302.
File version of C:/Xilinx/10.1/ISE/data/xusb_xlp.hex = 1302.
Firmware hex file version = 1302.
Type = 0x0004.
ESN option: 00000000000000.
PLD file version = 0012h.
 PLD version = 0012h.
PROGRESS_END - End Operation.
Elapsed time =      3 sec.
// *** BATCH CMD : Program -p 1 
Maximum TCK operating frequency for this device chain: 10000000.
Validating chain...
Boundary-scan chain validated successfully.
PROGRESS_START - Starting Operation.
'1': Programming device...
done.
'1': Reading status register contents...
CRC error                                         :         0
IDCODE not validated while writing FDRI           :         0
DCM Locked                                        :         1
status of GTS_CFG_B                               :         1
status of GWE                                     :         1
status of GHIGH                                   :         1
value of VSEL pin 0                               :         1
value of VSEL pin 1                               :         1
value of VSEL pin 2                               :         1
value of MODE pin M0                              :         1
value of MODE pin M1                              :         0
value of MODE pin M2                              :         0
value of CFG_RDY (INIT_B)                         :         1
DONEIN inmatchedput from Done Pin                 :         1
POST_CRC_ERR error                                :         0
SYNC word not found                               :         0
INFO:iMPACT:2219 - Status register values:
INFO:iMPACT - 0011 1111 1100 1100 
INFO:iMPACT:579 - '1': Completed downloading bit file to device.
INFO:iMPACT - '1': Checking done pin....done.
'1': Programmed successfully.
PROGRESS_END - End Operation.
Elapsed time =      0 sec.
Updating config file D:/Designs/DCSE/FPGA Prototyping/LCD/prueba_lcd.bit...
INFO:iMPACT:2257 - Startup Clock has been changed to 'JtagClk' in the bitstream   stored in memory,
   but the original bitstream file remains unchanged.
// *** BATCH CMD : Program -p 1 
Maximum TCK operating frequency for this device chain: 10000000.
Validating chain...
Boundary-scan chain validated successfully.
'1': Programming device...
PROGRESS_START - Starting Operation.
done.
'1': Reading status register contents...
CRC error                                         :         0
IDCODE not validated while writing FDRI           :         0
DCM Locked                                        :         1
status of GTS_CFG_B                               :         1
status of GWE                                     :         1
status of GHIGH                                   :         1
value of VSEL pin 0                               :         1
value of VSEL pin 1                               :         1
value of VSEL pin 2                               :         1
value of MODE pin M0                              :         1
value of MODE pin M1                              :         0
value of MODE pin M2                              :         0
value of CFG_RDY (INIT_B)                         :         1
DONEIN inmatchedput from Done Pin                 :         1
POST_CRC_ERR error                                :         0
SYNC word not found                               :         0
INFO:iMPACT:2219 - Status register values:
INFO:iMPACT - 0011 1111 1100 1100 
INFO:iMPACT:579 - '1': Completed downloading bit file to device.
INFO:iMPACT - '1': Checking done pin....done.
'1': Programmed successfully.
PROGRESS_END - End Operation.
Elapsed time =      1 sec.
Updating config file D:/Designs/DCSE/FPGA Prototyping/LCD/prueba_lcd.bit...
INFO:iMPACT:2257 - Startup Clock has been changed to 'JtagClk' in the bitstream   stored in memory,
   but the original bitstream file remains unchanged.
// *** BATCH CMD : Program -p 1 
Maximum TCK operating frequency for this device chain: 10000000.
Validating chain...
Boundary-scan chain validated successfully.
'1': Programming device...
PROGRESS_START - Starting Operation.
done.
'1': Reading status register contents...
CRC error                                         :         0
IDCODE not validated while writing FDRI           :         0
DCM Locked                                        :         1
status of GTS_CFG_B                               :         1
status of GWE                                     :         1
status of GHIGH                                   :         1
value of VSEL pin 0                               :         1
value of VSEL pin 1                               :         1
value of VSEL pin 2                               :         1
value of MODE pin M0                              :         1
value of MODE pin M1                              :         0
value of MODE pin M2                              :         0
value of CFG_RDY (INIT_B)                         :         1
DONEIN inmatchedput from Done Pin                 :         1
POST_CRC_ERR error                                :         0
SYNC word not found                               :         0
INFO:iMPACT:2219 - Status register values:
INFO:iMPACT - 0011 1111 1100 1100 
INFO:iMPACT:579 - '1': Completed downloading bit file to device.
INFO:iMPACT - '1': Checking done pin....done.
'1': Programmed successfully.
PROGRESS_END - End Operation.
Elapsed time =      1 sec.
Cable is not connected.
GUI --- Auto connect to cable...
// *** BATCH CMD : setCable -port auto
AutoDetecting cable. Please wait.
PROGRESS_START - Starting Operation.
Connecting to cable (Parallel Port - LPT1).
Checking cable driver.
 Driver windrvr6.sys version = 9.2.1.0. WinDriver v9.21 Jungo (c) 1997 - 2008 Build Date: Jul  3 2008 X86 32bit SYS18:41:51, version = 921.
Cable connection failed.
Connecting to cable (Parallel Port - LPT2).
Checking cable driver.
 Driver windrvr6.sys version = 9.2.1.0. WinDriver v9.21 Jungo (c) 1997 - 2008 Build Date: Jul  3 2008 X86 32bit SYS18:41:51, version = 921.
Cable connection failed.
Connecting to cable (Parallel Port - LPT3).
Checking cable driver.
 Driver windrvr6.sys version = 9.2.1.0. WinDriver v9.21 Jungo (c) 1997 - 2008 Build Date: Jul  3 2008 X86 32bit SYS18:41:51, version = 921.
Cable connection failed.
Connecting to cable (Parallel Port - LPT4).
Checking cable driver.
 Driver windrvr6.sys version = 9.2.1.0. WinDriver v9.21 Jungo (c) 1997 - 2008 Build Date: Jul  3 2008 X86 32bit SYS18:41:51, version = 921.
Cable connection failed.
Connecting to cable (Usb Port - USB21).
Checking cable driver.
 Driver file xusb_emb.sys found.
 Driver version: src=1029, dest=1029.
 Driver windrvr6.sys version = 9.2.1.0. WinDriver v9.21 Jungo (c) 1997 - 2008 Build Date: Jul  3 2008 X86 32bit SYS18:41:51, version = 921.
 Cable PID = 0008.
 Max current requested during enumeration is 74 mA.
Type = 0x0004.
 Cable Type = 3, Revision = 0.
 Setting cable speed to 6 MHz.
Cable connection established.
Firmware version = 1029.
File version of C:/Xilinx/10.1/ISE/data/xusb_xlp.hex = 1302.
Firmware hex file version = 1302.
Downloading C:/Xilinx/10.1/ISE/data/xusb_xlp.hex.
Downloaded firmware version = 1302.
Type = 0x0004.
ESN option: 00000000000000.
PLD file version = 0012h.
 PLD version = 0012h.
PROGRESS_END - End Operation.
Elapsed time =      2 sec.
// *** BATCH CMD : Program -p 1 
Maximum TCK operating frequency for this device chain: 10000000.
Validating chain...
Boundary-scan chain validated successfully.
'1': Programming device...
PROGRESS_START - Starting Operation.
done.
'1': Reading status register contents...
CRC error                                         :         0
IDCODE not validated while writing FDRI           :         0
DCM Locked                                        :         1
status of GTS_CFG_B                               :         1
status of GWE                                     :         1
status of GHIGH                                   :         1
value of VSEL pin 0                               :         1
value of VSEL pin 1                               :         1
value of VSEL pin 2                               :         1
value of MODE pin M0                              :         1
value of MODE pin M1                              :         0
value of MODE pin M2                              :         0
value of CFG_RDY (INIT_B)                         :         1
DONEIN inmatchedput from Done Pin                 :         1
POST_CRC_ERR error                                :         0
SYNC word not found                               :         0
INFO:iMPACT:2219 - Status register values:
INFO:iMPACT - 0011 1111 1100 1100 
INFO:iMPACT:579 - '1': Completed downloading bit file to device.
INFO:iMPACT - '1': Checking done pin....done.
'1': Programmed successfully.
PROGRESS_END - End Operation.
Elapsed time =      1 sec.
Cable is not connected.
// *** BATCH CMD : setMode -bs
// *** BATCH CMD : deleteDevice -position 2
----------------------------------------------------------------------
// *** BATCH CMD : deleteDevice -position 1
