Command line:
   ./tb_sq_wave_gen_isim_beh.exe
     -intstyle  ise
     -ipchost  localhost
     -ipcport  4203

Sat Aug 15 06:22:12 2009

Total Line Count : 22

 Elaboration Time: 0 sec

 Current Memory Usage: 141.877 Meg

 Total Signals          : 16
 Total Nets             : 31
 Total Signal Drivers   : 12
 Total Blocks           : 6
 Total Primitive Blocks : 1
 Total Processes        : 9
 Total Traceable Variables  : 17
 Total Scalar Nets and Variables : 534
ntrace select -o on -m / -l this 
ntrace start 
isimrun 1000 ns 
Simulator is doing circuit initialization process.
Finished circuit initialization process.

 Total Simulation Time: 0.0625 sec

 Current Memory Usage: 152.429 Meg

Sat Aug 15 06:25:23 2009

