Release 10.1 - xst K.31 (nt)
Copyright (c) 1995-2008 Xilinx, Inc.  All rights reserved.
--> Parameter TMPDIR set to D:/Designs/DCSE/FPGA Prototyping/Tema4/xst/projnav.tmp


Total REAL time to Xst completion: 0.00 secs
Total CPU time to Xst completion: 0.19 secs
 
--> Parameter xsthdpdir set to D:/Designs/DCSE/FPGA Prototyping/Tema4/xst


Total REAL time to Xst completion: 0.00 secs
Total CPU time to Xst completion: 0.20 secs
 
--> Reading design: stop_watch.prj

TABLE OF CONTENTS
  1) Synthesis Options Summary
  2) HDL Compilation
  3) Design Hierarchy Analysis
  4) HDL Analysis
  5) HDL Synthesis
     5.1) HDL Synthesis Report
  6) Advanced HDL Synthesis
     6.1) Advanced HDL Synthesis Report
  7) Low Level Synthesis
  8) Partition Report
  9) Final Report
     9.1) Device utilization summary
     9.2) Partition Resource Summary
     9.3) TIMING REPORT


=========================================================================
*                      Synthesis Options Summary                        *
=========================================================================
---- Source Parameters
Input File Name                    : "stop_watch.prj"
Input Format                       : mixed
Ignore Synthesis Constraint File   : NO

---- Target Parameters
Output File Name                   : "stop_watch"
Output Format                      : NGC
Target Device                      : xc3s700a-4-fg484

---- Source Options
Top Module Name                    : stop_watch
Automatic FSM Extraction           : YES
FSM Encoding Algorithm             : Auto
Safe Implementation                : No
FSM Style                          : lut
RAM Extraction                     : Yes
RAM Style                          : Auto
ROM Extraction                     : Yes
Mux Style                          : Auto
Decoder Extraction                 : YES
Priority Encoder Extraction        : YES
Shift Register Extraction          : YES
Logical Shifter Extraction         : YES
XOR Collapsing                     : YES
ROM Style                          : Auto
Mux Extraction                     : YES
Resource Sharing                   : YES
Asynchronous To Synchronous        : NO
Multiplier Style                   : auto
Automatic Register Balancing       : No

---- Target Options
Add IO Buffers                     : YES
Global Maximum Fanout              : 500
Add Generic Clock Buffer(BUFG)     : 24
Register Duplication               : YES
Slice Packing                      : YES
Optimize Instantiated Primitives   : NO
Use Clock Enable                   : Yes
Use Synchronous Set                : Yes
Use Synchronous Reset              : Yes
Pack IO Registers into IOBs        : auto
Equivalent register Removal        : YES

---- General Options
Optimization Goal                  : Speed
Optimization Effort                : 1
Library Search Order               : stop_watch.lso
Keep Hierarchy                     : NO
Netlist Hierarchy                  : as_optimized
RTL Output                         : Yes
Global Optimization                : AllClockNets
Read Cores                         : YES
Write Timing Constraints           : NO
Cross Clock Analysis               : NO
Hierarchy Separator                : /
Bus Delimiter                      : <>
Case Specifier                     : maintain
Slice Utilization Ratio            : 100
BRAM Utilization Ratio             : 100
Verilog 2001                       : YES
Auto BRAM Packing                  : NO
Slice Utilization Ratio Delta      : 5

=========================================================================


=========================================================================
*                          HDL Compilation                              *
=========================================================================
Compiling vhdl file "D:/Designs/DCSE/FPGA Prototyping/Tema4/stop_watch.vhd" in Library work.
Entity <stop_watch> compiled.
Entity <stop_watch> (Architecture <cascade_arch>) compiled.
Entity <stop_watch> (Architecture <if_arch>) compiled.

=========================================================================
*                     Design Hierarchy Analysis                         *
=========================================================================
Analyzing hierarchy for entity <stop_watch> in library <work> (architecture <behavioral>).


=========================================================================
*                            HDL Analysis                               *
=========================================================================
Analyzing Entity <stop_watch> in library <work> (Architecture <behavioral>).
Entity <stop_watch> analyzed. Unit <stop_watch> generated.


=========================================================================
*                           HDL Synthesis                               *
=========================================================================

Performing bidirectional port resolution...

Synthesizing Unit <stop_watch>.
    Related source file is "D:/Designs/DCSE/FPGA Prototyping/Tema4/stop_watch.vhd".
    Found 4-bit up counter for signal <d0_reg>.
    Found 4-bit up counter for signal <d1_reg>.
    Found 4-bit up counter for signal <d2_reg>.
    Found 23-bit up counter for signal <ms_reg>.
    Summary:
	inferred   4 Counter(s).
Unit <stop_watch> synthesized.


=========================================================================
HDL Synthesis Report

Macro Statistics
# Counters                                             : 4
 23-bit up counter                                     : 1
 4-bit up counter                                      : 3

=========================================================================

=========================================================================
*                       Advanced HDL Synthesis                          *
=========================================================================

Loading device for application Rf_Device from file '3s700a.nph' in environment C:\Xilinx\10.1\ISE.

=========================================================================
Advanced HDL Synthesis Report

Macro Statistics
# Counters                                             : 4
 23-bit up counter                                     : 1
 4-bit up counter                                      : 3

=========================================================================

=========================================================================
*                         Low Level Synthesis                           *
=========================================================================

Optimizing unit <stop_watch> ...

Mapping all equations...
Building and optimizing final netlist ...
Found area constraint ratio of 100 (+ 5) on block stop_watch, actual ratio is 0.

Final Macro Processing ...

=========================================================================
Final Register Report

Macro Statistics
# Registers                                            : 35
 Flip-Flops                                            : 35

=========================================================================

=========================================================================
*                           Partition Report                             *
=========================================================================

Partition Implementation Status
-------------------------------

  No Partitions were found in this design.

-------------------------------

=========================================================================
*                            Final Report                               *
=========================================================================
Final Results
RTL Top Level Output File Name     : stop_watch.ngr
Top Level Output File Name         : stop_watch
Output Format                      : NGC
Optimization Goal                  : Speed
Keep Hierarchy                     : NO

Design Statistics
# IOs                              : 15

Cell Usage :
# BELS                             : 103
#      GND                         : 1
#      INV                         : 4
#      LUT1                        : 22
#      LUT2                        : 4
#      LUT3                        : 8
#      LUT3_L                      : 1
#      LUT4                        : 10
#      LUT4_D                      : 2
#      MUXCY                       : 28
#      VCC                         : 1
#      XORCY                       : 22
# FlipFlops/Latches                : 35
#      FDRE                        : 35
# Clock Buffers                    : 1
#      BUFGP                       : 1
# IO Buffers                       : 14
#      IBUF                        : 2
#      OBUF                        : 12
=========================================================================

Device utilization summary:
---------------------------

Selected Device : 3s700afg484-4 

 Number of Slices:                       25  out of   5888     0%  
 Number of Slice Flip Flops:             35  out of  11776     0%  
 Number of 4 input LUTs:                 51  out of  11776     0%  
 Number of IOs:                          15
 Number of bonded IOBs:                  15  out of    372     4%  
 Number of GCLKs:                         1  out of     24     4%  

---------------------------
Partition Resource Summary:
---------------------------

  No Partitions were found in this design.

---------------------------


=========================================================================
TIMING REPORT

NOTE: THESE TIMING NUMBERS ARE ONLY A SYNTHESIS ESTIMATE.
      FOR ACCURATE TIMING INFORMATION PLEASE REFER TO THE TRACE REPORT
      GENERATED AFTER PLACE-and-ROUTE.

Clock Information:
------------------
-----------------------------------+------------------------+-------+
Clock Signal                       | Clock buffer(FF name)  | Load  |
-----------------------------------+------------------------+-------+
clk                                | BUFGP                  | 35    |
-----------------------------------+------------------------+-------+

Asynchronous Control Signals Information:
----------------------------------------
No asynchronous control signals found in this design

Timing Summary:
---------------
Speed Grade: -4

   Minimum period: 6.495ns (Maximum Frequency: 153.965MHz)
   Minimum input arrival time before clock: 4.895ns
   Maximum output required time after clock: 5.780ns
   Maximum combinational path delay: No path found

Timing Detail:
--------------
All values displayed in nanoseconds (ns)

=========================================================================
Timing constraint: Default period analysis for Clock 'clk'
  Clock period: 6.495ns (frequency: 153.965MHz)
  Total number of paths / destination ports: 1531 / 82
-------------------------------------------------------------------------
Delay:               6.495ns (Levels of Logic = 8)
  Source:            ms_reg_8 (FF)
  Destination:       ms_reg_0 (FF)
  Source Clock:      clk rising
  Destination Clock: clk rising

  Data Path: ms_reg_8 to ms_reg_0
                                Gate     Net
    Cell:in->out      fanout   Delay   Delay  Logical Name (Net Name)
    ----------------------------------------  ------------
     FDRE:C->Q             2   0.591   0.590  ms_reg_8 (ms_reg_8)
     LUT3:I0->O            1   0.648   0.000  ms_tick_cmp_eq0000_wg_lut<0> (ms_tick_cmp_eq0000_wg_lut<0>)
     MUXCY:S->O            1   0.632   0.000  ms_tick_cmp_eq0000_wg_cy<0> (ms_tick_cmp_eq0000_wg_cy<0>)
     MUXCY:CI->O           1   0.065   0.000  ms_tick_cmp_eq0000_wg_cy<1> (ms_tick_cmp_eq0000_wg_cy<1>)
     MUXCY:CI->O           1   0.065   0.000  ms_tick_cmp_eq0000_wg_cy<2> (ms_tick_cmp_eq0000_wg_cy<2>)
     MUXCY:CI->O           1   0.065   0.000  ms_tick_cmp_eq0000_wg_cy<3> (ms_tick_cmp_eq0000_wg_cy<3>)
     MUXCY:CI->O           1   0.065   0.000  ms_tick_cmp_eq0000_wg_cy<4> (ms_tick_cmp_eq0000_wg_cy<4>)
     MUXCY:CI->O          10   0.141   0.914  ms_tick_cmp_eq0000_wg_cy<5> (d0_en)
     LUT3:I2->O           23   0.648   1.202  ms_reg_or00001 (ms_reg_or0000)
     FDRE:R                    0.869          ms_reg_0
    ----------------------------------------
    Total                      6.495ns (3.789ns logic, 2.706ns route)
                                       (58.3% logic, 41.7% route)

=========================================================================
Timing constraint: Default OFFSET IN BEFORE for Clock 'clk'
  Total number of paths / destination ports: 81 / 58
-------------------------------------------------------------------------
Offset:              4.895ns (Levels of Logic = 2)
  Source:            go (PAD)
  Destination:       ms_reg_0 (FF)
  Destination Clock: clk rising

  Data Path: go to ms_reg_0
                                Gate     Net
    Cell:in->out      fanout   Delay   Delay  Logical Name (Net Name)
    ----------------------------------------  ------------
     IBUF:I->O            24   0.849   1.332  go_IBUF (go_IBUF)
     LUT3:I1->O           23   0.643   1.202  ms_reg_or00001 (ms_reg_or0000)
     FDRE:R                    0.869          ms_reg_0
    ----------------------------------------
    Total                      4.895ns (2.361ns logic, 2.534ns route)
                                       (48.2% logic, 51.8% route)

=========================================================================
Timing constraint: Default OFFSET OUT AFTER for Clock 'clk'
  Total number of paths / destination ports: 12 / 12
-------------------------------------------------------------------------
Offset:              5.780ns (Levels of Logic = 1)
  Source:            d0_reg_0 (FF)
  Destination:       d0<0> (PAD)
  Source Clock:      clk rising

  Data Path: d0_reg_0 to d0<0>
                                Gate     Net
    Cell:in->out      fanout   Delay   Delay  Logical Name (Net Name)
    ----------------------------------------  ------------
     FDRE:C->Q             6   0.591   0.669  d0_reg_0 (d0_reg_0)
     OBUF:I->O                 4.520          d0_0_OBUF (d0<0>)
    ----------------------------------------
    Total                      5.780ns (5.111ns logic, 0.669ns route)
                                       (88.4% logic, 11.6% route)

=========================================================================


Total REAL time to Xst completion: 7.00 secs
Total CPU time to Xst completion: 6.95 secs
 
--> 

Total memory usage is 179636 kilobytes

Number of errors   :    0 (   0 filtered)
Number of warnings :    0 (   0 filtered)
Number of infos    :    0 (   0 filtered)

