Release 10.1 - xst K.31 (nt)
Copyright (c) 1995-2008 Xilinx, Inc.  All rights reserved.
--> Parameter TMPDIR set to D:/Designs/DCSE/FPGA Prototyping/hex_to_sseg/xst/projnav.tmp


Total REAL time to Xst completion: 0.00 secs
Total CPU time to Xst completion: 0.20 secs
 
--> Parameter xsthdpdir set to D:/Designs/DCSE/FPGA Prototyping/hex_to_sseg/xst


Total REAL time to Xst completion: 0.00 secs
Total CPU time to Xst completion: 0.20 secs
 
--> Reading design: hex_to_sseg.prj

TABLE OF CONTENTS
  1) Synthesis Options Summary
  2) HDL Compilation
  3) Design Hierarchy Analysis
  4) HDL Analysis
  5) HDL Synthesis
     5.1) HDL Synthesis Report
  6) Advanced HDL Synthesis
     6.1) Advanced HDL Synthesis Report
  7) Low Level Synthesis
  8) Partition Report
  9) Final Report
     9.1) Device utilization summary
     9.2) Partition Resource Summary
     9.3) TIMING REPORT


=========================================================================
*                      Synthesis Options Summary                        *
=========================================================================
---- Source Parameters
Input File Name                    : "hex_to_sseg.prj"
Input Format                       : mixed
Ignore Synthesis Constraint File   : NO

---- Target Parameters
Output File Name                   : "hex_to_sseg"
Output Format                      : NGC
Target Device                      : xc3s700a-4-fg484

---- Source Options
Top Module Name                    : hex_to_sseg
Automatic FSM Extraction           : YES
FSM Encoding Algorithm             : Auto
Safe Implementation                : No
FSM Style                          : lut
RAM Extraction                     : Yes
RAM Style                          : Auto
ROM Extraction                     : Yes
Mux Style                          : Auto
Decoder Extraction                 : YES
Priority Encoder Extraction        : YES
Shift Register Extraction          : YES
Logical Shifter Extraction         : YES
XOR Collapsing                     : YES
ROM Style                          : Auto
Mux Extraction                     : YES
Resource Sharing                   : YES
Asynchronous To Synchronous        : NO
Multiplier Style                   : auto
Automatic Register Balancing       : No

---- Target Options
Add IO Buffers                     : YES
Global Maximum Fanout              : 500
Add Generic Clock Buffer(BUFG)     : 24
Register Duplication               : YES
Slice Packing                      : YES
Optimize Instantiated Primitives   : NO
Use Clock Enable                   : Yes
Use Synchronous Set                : Yes
Use Synchronous Reset              : Yes
Pack IO Registers into IOBs        : auto
Equivalent register Removal        : YES

---- General Options
Optimization Goal                  : Speed
Optimization Effort                : 1
Library Search Order               : hex_to_sseg.lso
Keep Hierarchy                     : NO
Netlist Hierarchy                  : as_optimized
RTL Output                         : Yes
Global Optimization                : AllClockNets
Read Cores                         : YES
Write Timing Constraints           : NO
Cross Clock Analysis               : NO
Hierarchy Separator                : /
Bus Delimiter                      : <>
Case Specifier                     : maintain
Slice Utilization Ratio            : 100
BRAM Utilization Ratio             : 100
Verilog 2001                       : YES
Auto BRAM Packing                  : NO
Slice Utilization Ratio Delta      : 5

=========================================================================


=========================================================================
*                          HDL Compilation                              *
=========================================================================
Compiling vhdl file "D:/Designs/DCSE/FPGA Prototyping/hex_to_sseg/hex_to_sseg.vhd" in Library work.
Entity <hex_to_sseg> compiled.
Entity <hex_to_sseg> (Architecture <behavioral>) compiled.

=========================================================================
*                     Design Hierarchy Analysis                         *
=========================================================================
Analyzing hierarchy for entity <hex_to_sseg> in library <work> (architecture <behavioral>).


=========================================================================
*                            HDL Analysis                               *
=========================================================================
Analyzing Entity <hex_to_sseg> in library <work> (Architecture <behavioral>).
Entity <hex_to_sseg> analyzed. Unit <hex_to_sseg> generated.


=========================================================================
*                           HDL Synthesis                               *
=========================================================================

Performing bidirectional port resolution...

Synthesizing Unit <hex_to_sseg>.
    Related source file is "D:/Designs/DCSE/FPGA Prototyping/hex_to_sseg/hex_to_sseg.vhd".
    Found 16x7-bit ROM for signal <hex$rom0000>.
    Summary:
	inferred   1 ROM(s).
Unit <hex_to_sseg> synthesized.


=========================================================================
HDL Synthesis Report

Macro Statistics
# ROMs                                                 : 1
 16x7-bit ROM                                          : 1

=========================================================================

=========================================================================
*                       Advanced HDL Synthesis                          *
=========================================================================

Loading device for application Rf_Device from file '3s700a.nph' in environment C:\Xilinx\10.1\ISE.

=========================================================================
Advanced HDL Synthesis Report

Macro Statistics
# ROMs                                                 : 1
 16x7-bit ROM                                          : 1

=========================================================================

=========================================================================
*                         Low Level Synthesis                           *
=========================================================================

Optimizing unit <hex_to_sseg> ...

Mapping all equations...
Building and optimizing final netlist ...
Found area constraint ratio of 100 (+ 5) on block hex_to_sseg, actual ratio is 0.

Final Macro Processing ...

=========================================================================
Final Register Report

Found no macro
=========================================================================

=========================================================================
*                           Partition Report                             *
=========================================================================

Partition Implementation Status
-------------------------------

  No Partitions were found in this design.

-------------------------------

=========================================================================
*                            Final Report                               *
=========================================================================
Final Results
RTL Top Level Output File Name     : hex_to_sseg.ngr
Top Level Output File Name         : hex_to_sseg
Output Format                      : NGC
Optimization Goal                  : Speed
Keep Hierarchy                     : NO

Design Statistics
# IOs                              : 13

Cell Usage :
# BELS                             : 7
#      LUT4                        : 7
# IO Buffers                       : 13
#      IBUF                        : 5
#      OBUF                        : 8
=========================================================================

Device utilization summary:
---------------------------

Selected Device : 3s700afg484-4 

 Number of Slices:                        4  out of   5888     0%  
 Number of 4 input LUTs:                  7  out of  11776     0%  
 Number of IOs:                          13
 Number of bonded IOBs:                  13  out of    372     3%  

---------------------------
Partition Resource Summary:
---------------------------

  No Partitions were found in this design.

---------------------------


=========================================================================
TIMING REPORT

NOTE: THESE TIMING NUMBERS ARE ONLY A SYNTHESIS ESTIMATE.
      FOR ACCURATE TIMING INFORMATION PLEASE REFER TO THE TRACE REPORT
      GENERATED AFTER PLACE-and-ROUTE.

Clock Information:
------------------
No clock signals found in this design

Asynchronous Control Signals Information:
----------------------------------------
No asynchronous control signals found in this design

TimSpeed Grade: -4

   Minimum period: No path found
   Minimum input arrival time before clock: No path found
   Maximum output required time after clock: No path found
   Maximum combinational path delay: 7.288ns

Timing Detail:
--------------
All values displayed in nanoseconds (ns)

=========================================================================
Timing constraint: Default path analysis
  Total number of paths / destination ports: 29 / 8
-------------------------------------------------------------------------
Delay:               7.288ns (Levels of Logic = 3)
  Source:            hex<0> (PAD)
  Destination:       sseg<6> (PAD)

  Data Path: hex<0> to sseg<6>
                                Gate     Net
    Cell:in->out      fanout   Delay   Delay  Logical Name (Net Name)
    ----------------------------------------  ------------
     IBUF:I->O             7   0.849   0.851  hex_0_IBUF (hex_0_IBUF)
     LUT4:I0->O            1   0.648   0.420  Mrom_hex_rom0000111 (Mrom_hex_rom00001)
     OBUF:I->O                 4.520          sseg_5_OBUF (sseg<5>)
    ----------------------------------------
    Total                      7.288ns (6.017ns logic, 1.271ns route)
                                       (82.6% logic, 17.4% route)

=========================================================================


Total REAL time to Xst completion: 18456.00 secs
Total CPU time to Xst completion: 18456.25 secs
 
--> 

Total memory usage is 195316 kilobytes

Number of errors   :    0 (   0 filtered)
Number of warnings :    0 (   0 filtered)
Number of infos    :    0 (   0 filtered)

  0 (   0 filtered)

