--------------------------------------------------------------------------------
Release 10.1 Trace  (nt)
Copyright (c) 1995-2008 Xilinx, Inc.  All rights reserved.

C:\Xilinx\10.1\ISE\bin\nt\unwrapped\trce.exe -ise
D:/Designs/DCSE/FPGA Prototyping/Modulo3/Modulo3.ise -intstyle ise -e 3 -s 4
-xml LCD_Spartan3A LCD_Spartan3A.ncd -o LCD_Spartan3A.twr LCD_Spartan3A.pcf
-ucf LCD_Spartan3A.ucf

Design file:              LCD_Spartan3A.ncd
Physical constraint file: LCD_Spartan3A.pcf
Device,package,speed:     xc3s700a,fg484,-4 (PRODUCTION 1.39 2008-01-09)
Report level:             error report

Environment Variable      Effect 
--------------------      ------ 
NONE                      No environment variables were set
--------------------------------------------------------------------------------

INFO:Timing:2752 - To get complete path coverage, use the unconstrained paths 
   option. All paths that are not constrained will be reported in the 
   unconstrained paths section(s) of the report.
INFO:Timing:3339 - The clock-to-out numbers in this timing report are based on 
   a 50 Ohm transmission line loading model.  For the details of this model, 
   and for more information on accounting for different loading conditions, 
   please see the device datasheet.

================================================================================
Timing constraint: NET "clk_BUFGP/IBUFG" PERIOD = 20 ns HIGH 50%;

 277458 paths analyzed, 1803 endpoints analyzed, 0 failing endpoints
 0 timing errors detected. (0 setup errors, 0 hold errors)
 Minimum period is  17.047ns.
--------------------------------------------------------------------------------


All constraints were met.


Data Sheet report:
-----------------
All values displayed in nanoseconds (ns)

Clock to Setup on destination clock clk
---------------+---------+---------+---------+---------+
               | Src:Rise| Src:Fall| Src:Rise| Src:Fall|
Source Clock   |Dest:Rise|Dest:Rise|Dest:Fall|Dest:Fall|
---------------+---------+---------+---------+---------+
clk            |   17.047|         |         |         |
---------------+---------+---------+---------+---------+


Timing summary:
---------------

Timing errors: 0  Score: 0

Constraints cover 277458 paths, 0 nets, and 4650 connections

Design statistics:
   Minimum period:  17.047ns   (Maximum frequency:  58.661MHz)


Analysis completed Tue Sep 01 21:11:06 2009 
--------------------------------------------------------------------------------

Trace Settings:
-------------------------
Trace Settings 

Peak Memory Usage: 132 MB



