Release 10.1 - xst K.31 (nt)
Copyright (c) 1995-2008 Xilinx, Inc.  All rights reserved.
--> Parameter TMPDIR set to D:/Desings/Modulo3/xst/projnav.tmp


Total REAL time to Xst completion: 0.00 secs
Total CPU time to Xst completion: 0.30 secs
 
--> Parameter xsthdpdir set to D:/Desings/Modulo3/xst


Total REAL time to Xst completion: 0.00 secs
Total CPU time to Xst completion: 0.30 secs
 
--> Reading design: UCONTROL.prj

TABLE OF CONTENTS
  1) Synthesis Options Summary
  2) HDL Compilation
  3) Design Hierarchy Analysis
  4) HDL Analysis
  5) HDL Synthesis
     5.1) HDL Synthesis Report
  6) Advanced HDL Synthesis
     6.1) Advanced HDL Synthesis Report
  7) Low Level Synthesis
  8) Partition Report
  9) Final Report
     9.1) Device utilization summary
     9.2) Partition Resource Summary
     9.3) TIMING REPORT


=========================================================================
*                      Synthesis Options Summary                        *
=========================================================================
---- Source Parameters
Input File Name                    : "UCONTROL.prj"
Input Format                       : mixed
Ignore Synthesis Constraint File   : NO

---- Target Parameters
Output File Name                   : "UCONTROL"
Output Format                      : NGC
Target Device                      : xc3s700a-4-fg484

---- Source Options
Top Module Name                    : UCONTROL
Automatic FSM Extraction           : YES
FSM Encoding Algorithm             : Auto
Safe Implementation                : No
FSM Style                          : lut
RAM Extraction                     : Yes
RAM Style                          : Auto
ROM Extraction                     : Yes
Mux Style                          : Auto
Decoder Extraction                 : YES
Priority Encoder Extraction        : YES
Shift Register Extraction          : YES
Logical Shifter Extraction         : YES
XOR Collapsing                     : YES
ROM Style                          : Auto
Mux Extraction                     : YES
Resource Sharing                   : YES
Asynchronous To Synchronous        : NO
Multiplier Style                   : auto
Automatic Register Balancing       : No

---- Target Options
Add IO Buffers                     : YES
Global Maximum Fanout              : 500
Add Generic Clock Buffer(BUFG)     : 24
Register Duplication               : YES
Slice Packing                      : YES
Optimize Instantiated Primitives   : NO
Use Clock Enable                   : Yes
Use Synchronous Set                : Yes
Use Synchronous Reset              : Yes
Pack IO Registers into IOBs        : auto
Equivalent register Removal        : YES

---- General Options
Optimization Goal                  : Speed
Optimization Effort                : 1
Library Search Order               : UCONTROL.lso
Keep Hierarchy                     : NO
Netlist Hierarchy                  : as_optimized
RTL Output                         : Yes
Global Optimization                : AllClockNets
Read Cores                         : YES
Write Timing Constraints           : NO
Cross Clock Analysis               : NO
Hierarchy Separator                : /
Bus Delimiter                      : <>
Case Specifier                     : maintain
Slice Utilization Ratio            : 100
BRAM Utilization Ratio             : 100
Verilog 2001                       : YES
Auto BRAM Packing                  : NO
Slice Utilization Ratio Delta      : 5

=========================================================================


=========================================================================
*                          HDL Compilation                              *
=========================================================================
Compiling vhdl file "D:/Desings/Modulo3/UCONTROL.vhd" in Library work.
Entity <shell_ucontrol> compiled.
Entity <shell_ucontrol> (Architecture <behavior>) compiled.
Entity <ucontrol> compiled.
Entity <ucontrol> (Architecture <behavior>) compiled.

=========================================================================
*                     Design Hierarchy Analysis                         *
=========================================================================
Analyzing hierarchy for entity <UCONTROL> in library <work> (architecture <behavior>).

Analyzing hierarchy for entity <SHELL_UCONTROL> in library <work> (architecture <behavior>).


=========================================================================
*                            HDL Analysis                               *
=========================================================================
Analyzing Entity <UCONTROL> in library <work> (Architecture <behavior>).
WARNING:Xst:754 - "D:/Desings/Modulo3/UCONTROL.vhd" line 365: Unconnected inout port 'timer0' of component 'SHELL_UCONTROL'.
WARNING:Xst:754 - "D:/Desings/Modulo3/UCONTROL.vhd" line 365: Unconnected inout port 'timer1' of component 'SHELL_UCONTROL'.
WARNING:Xst:754 - "D:/Desings/Modulo3/UCONTROL.vhd" line 365: Unconnected inout port 'timer2' of component 'SHELL_UCONTROL'.
WARNING:Xst:754 - "D:/Desings/Modulo3/UCONTROL.vhd" line 365: Unconnected inout port 'timer3' of component 'SHELL_UCONTROL'.
WARNING:Xst:754 - "D:/Desings/Modulo3/UCONTROL.vhd" line 365: Unconnected inout port 'timer4' of component 'SHELL_UCONTROL'.
WARNING:Xst:754 - "D:/Desings/Modulo3/UCONTROL.vhd" line 365: Unconnected inout port 'timer5' of component 'SHELL_UCONTROL'.
WARNING:Xst:754 - "D:/Desings/Modulo3/UCONTROL.vhd" line 365: Unconnected inout port 'timer6' of component 'SHELL_UCONTROL'.
WARNING:Xst:754 - "D:/Desings/Modulo3/UCONTROL.vhd" line 365: Unconnected inout port 'timer7' of component 'SHELL_UCONTROL'.
WARNING:Xst:754 - "D:/Desings/Modulo3/UCONTROL.vhd" line 365: Unconnected inout port 'timer8' of component 'SHELL_UCONTROL'.
WARNING:Xst:754 - "D:/Desings/Modulo3/UCONTROL.vhd" line 365: Unconnected inout port 'timer9' of component 'SHELL_UCONTROL'.
WARNING:Xst:754 - "D:/Desings/Modulo3/UCONTROL.vhd" line 365: Unconnected inout port 'timer10' of component 'SHELL_UCONTROL'.
WARNING:Xst:754 - "D:/Desings/Modulo3/UCONTROL.vhd" line 365: Unconnected inout port 'timer11' of component 'SHELL_UCONTROL'.
WARNING:Xst:754 - "D:/Desings/Modulo3/UCONTROL.vhd" line 365: Unconnected inout port 'timer12' of component 'SHELL_UCONTROL'.
WARNING:Xst:754 - "D:/Desings/Modulo3/UCONTROL.vhd" line 365: Unconnected inout port 'timer13' of component 'SHELL_UCONTROL'.
WARNING:Xst:754 - "D:/Desings/Modulo3/UCONTROL.vhd" line 365: Unconnected inout port 'timer14' of component 'SHELL_UCONTROL'.
WARNING:Xst:754 - "D:/Desings/Modulo3/UCONTROL.vhd" line 365: Unconnected inout port 'timer15' of component 'SHELL_UCONTROL'.
WARNING:Xst:754 - "D:/Desings/Modulo3/UCONTROL.vhd" line 365: Unconnected inout port 'timer16' of component 'SHELL_UCONTROL'.
WARNING:Xst:754 - "D:/Desings/Modulo3/UCONTROL.vhd" line 365: Unconnected inout port 'timer17' of component 'SHELL_UCONTROL'.
WARNING:Xst:754 - "D:/Desings/Modulo3/UCONTROL.vhd" line 365: Unconnected inout port 'timer18' of component 'SHELL_UCONTROL'.
WARNING:Xst:754 - "D:/Desings/Modulo3/UCONTROL.vhd" line 365: Unconnected inout port 'timer19' of component 'SHELL_UCONTROL'.
Entity <UCONTROL> analyzed. Unit <UCONTROL> generated.

Analyzing Entity <SHELL_UCONTROL> in library <work> (Architecture <behavior>).
Entity <SHELL_UCONTROL> analyzed. Unit <SHELL_UCONTROL> generated.


=========================================================================
*                           HDL Synthesis                               *
=========================================================================

Performing bidirectional port resolution...

Synthesizing Unit <SHELL_UCONTROL>.
    Related source file is "D:/Desings/Modulo3/UCONTROL.vhd".
    Found finite state machine <FSM_0> for signal <sreg>.
    -----------------------------------------------------------------------
    | States             | 10                                             |
    | Transitions        | 90                                             |
    | Inputs             | 20                                             |
    | Outputs            | 10                                             |
    | Clock              | CLK (rising_edge)                              |
    | Reset              | RESET (positive)                               |
    | Reset type         | synchronous                                    |
    | Reset State        | s0                                             |
    | Power Up State     | s0                                             |
    | Encoding           | automatic                                      |
    | Implementation     | LUT                                            |
    -----------------------------------------------------------------------
    Found 1-bit register for signal <status6>.
    Found 1-bit register for signal <status7>.
    Found 1-bit register for signal <LCD_E>.
    Found 1-bit register for signal <LCD_DB0>.
    Found 1-bit register for signal <LCD_DB1>.
    Found 1-bit register for signal <LCD_DB2>.
    Found 1-bit register for signal <LCD_DB3>.
    Found 1-bit register for signal <LCD_RS>.
    Found 1-bit register for signal <timer0>.
    Found 1-bit register for signal <timer1>.
    Found 1-bit register for signal <timer2>.
    Found 1-bit register for signal <timer10>.
    Found 1-bit register for signal <timer3>.
    Found 1-bit register for signal <timer11>.
    Found 1-bit register for signal <timer4>.
    Found 1-bit register for signal <timer12>.
    Found 1-bit register for signal <timer5>.
    Found 1-bit register for signal <timer13>.
    Found 1-bit register for signal <timer6>.
    Found 1-bit register for signal <timer14>.
    Found 1-bit register for signal <timer7>.
    Found 1-bit register for signal <timer15>.
    Found 1-bit register for signal <timer8>.
    Found 1-bit register for signal <timer16>.
    Found 1-bit register for signal <timer9>.
    Found 1-bit register for signal <timer17>.
    Found 1-bit register for signal <timer18>.
    Found 1-bit register for signal <timer19>.
    Found 1-bit register for signal <status0>.
    Found 1-bit register for signal <status1>.
    Found 1-bit register for signal <status2>.
    Found 1-bit register for signal <status3>.
    Found 1-bit register for signal <status4>.
    Found 1-bit register for signal <status5>.
    Found 20-bit adder for signal <timer$share0000> created at line 142.
    Summary:
	inferred   1 Finite State Machine(s).
	inferred  34 D-type flip-flop(s).
	inferred   1 Adder/Subtractor(s).
Unit <SHELL_UCONTROL> synthesized.


Synthesizing Unit <UCONTROL>.
    Related source file is "D:/Desings/Modulo3/UCONTROL.vhd".
Unit <UCONTROL> synthesized.

INFO:Xst:1767 - HDL ADVISOR - Resource sharing has identified that some arithmetic operations in this design can share the same physical resources for reduced device utilization. For improved clock frequency you may try to disable resource sharing.

=========================================================================
HDL Synthesis Report

Macro Statistics
# Adders/Subtractors                                   : 1
 20-bit adder                                          : 1
# Registers                                            : 34
 1-bit register                                        : 34

=========================================================================

=========================================================================
*                       Advanced HDL Synthesis                          *
=========================================================================

Analyzing FSM <FSM_0> for best encoding.
Optimizing FSM <SHELL1_UCONTROL/sreg/FSM> on signal <sreg[1:10]> with speed1 encoding.
---------------------
 State | Encoding
---------------------
 s0    | 1000000000
 s1    | 0100000000
 s2    | 0010000000
 s3    | 0001000000
 s4    | 0000100000
 s5    | 0000010000
 s6    | 0000001000
 s7    | 0000000100
 s8    | 0000000010
 s9    | 0000000001
---------------------
Loading device for application Rf_Device from file '3s700a.nph' in environment C:\Xilinx\10.1\ISE.
WARNING:Xst:1710 - FF/Latch <status4> (without init value) has a constant value of 0 in block <SHELL_UCONTROL>. This FF/Latch will be trimmed during the optimization process.
WARNING:Xst:1895 - Due to other FF/Latch trimming, FF/Latch <status5> (without init value) has a constant value of 0 in block <SHELL_UCONTROL>. This FF/Latch will be trimmed during the optimization process.
WARNING:Xst:1895 - Due to other FF/Latch trimming, FF/Latch <status6> (without init value) has a constant value of 0 in block <SHELL_UCONTROL>. This FF/Latch will be trimmed during the optimization process.
WARNING:Xst:1895 - Due to other FF/Latch trimming, FF/Latch <status7> (without init value) has a constant value of 0 in block <SHELL_UCONTROL>. This FF/Latch will be trimmed during the optimization process.
WARNING:Xst:1895 - Due to other FF/Latch trimming, FF/Latch <LCD_DB2> (without init value) has a constant value of 0 in block <SHELL_UCONTROL>. This FF/Latch will be trimmed during the optimization process.
WARNING:Xst:1895 - Due to other FF/Latch trimming, FF/Latch <LCD_DB3> (without init value) has a constant value of 0 in block <SHELL_UCONTROL>. This FF/Latch will be trimmed during the optimization process.
INFO:Xst:2261 - The FF/Latch <LCD_E> in Unit <SHELL_UCONTROL> is equivalent to the following FF/Latch, which will be removed : <LCD_DB1> 

=========================================================================
Advanced HDL Synthesis Report

Macro Statistics
# Adders/Subtractors                                   : 1
 20-bit adder                                          : 1
# Registers                                            : 37
 Flip-Flops                                            : 37

=========================================================================

=========================================================================
*                         Low Level Synthesis                           *
=========================================================================

Optimizing unit <UCONTROL> ...

Optimizing unit <SHELL_UCONTROL> ...

Mapping all equations...
Building and optimizing final netlist ...
Found area constraint ratio of 100 (+ 5) on block UCONTROL, actual ratio is 0.

Final Macro Processing ...

=========================================================================
Final Register Report

Macro Statistics
# Registers                                            : 37
 Flip-Flops                                            : 37

=========================================================================

=========================================================================
*                           Partition Report                             *
=========================================================================

Partition Implementation Status
-------------------------------

  No Partitions were found in this design.

-------------------------------

=========================================================================
*                            Final Report                               *
=========================================================================
Final Results
RTL Top Level Output File Name     : UCONTROL.ngr
Top Level Output File Name         : UCONTROL
Output Format                      : NGC
Optimization Goal                  : Speed
Keep Hierarchy                     : NO

Design Statistics
# IOs                              : 16

Cell Usage :
# BELS                             : 141
#      GND                         : 1
#      INV                         : 3
#      LUT1                        : 19
#      LUT2                        : 24
#      LUT2_L                      : 1
#      LUT3                        : 13
#      LUT3_D                      : 1
#      LUT4                        : 24
#      LUT4_D                      : 2
#      LUT4_L                      : 3
#      MUXCY                       : 29
#      MUXF5                       : 1
#      VCC                         : 1
#      XORCY                       : 19
# FlipFlops/Latches                : 37
#      FD                          : 20
#      FDR                         : 5
#      FDRS                        : 11
#      FDS                         : 1
# Clock Buffers                    : 1
#      BUFGP                       : 1
# IO Buffers                       : 15
#      IBUF                        : 1
#      OBUF                        : 14
=========================================================================

Device utilization summary:
---------------------------

Selected Device : 3s700afg484-4 

 Number of Slices:                       48  out of   5888     0%  
 Number of Slice Flip Flops:             37  out of  11776     0%  
 Number of 4 input LUTs:                 90  out of  11776     0%  
 Number of IOs:                          16
 Number of bonded IOBs:                  16  out of    372     4%  
 Number of GCLKs:                         1  out of     24     4%  

---------------------------
Partition Resource Summary:
---------------------------

  No Partitions were found in this design.

---------------------------


=========================================================================
TIMING REPORT

NOTE: THESE TIMING NUMBERS ARE ONLY A SYNTHESIS ESTIMATE.
      FOR ACCURATE TIMING INFORMATION PLEASE REFER TO THE TRACE REPORT
      GENERATED AFTER PLACE-and-ROUTE.

Clock Information:
------------------
-----------------------------------+------------------------+-------+
Clock Signal                       | Clock buffer(FF name)  | Load  |
-----------------------------------+------------------------+-------+
CLK                                | BUFGP                  | 37    |
-----------------------------------+------------------------+-------+

Asynchronous Control Signals Information:
----------------------------------------
No asynchronous control signals found in this design

Timing Summary:
---------------
Speed Grade: -4

   Minimum period: 7.791ns (Maximum Frequency: 128.353MHz)
   Minimum input arrival time before clock: 4.785ns
   Maximum output required time after clock: 5.558ns
   Maximum combinational path delay: No path found

Timing Detail:
--------------
All values displayed in nanoseconds (ns)

=========================================================================
Timing constraint: Default period analysis for Clock 'CLK'
  Clock period: 7.791ns (frequency: 128.353MHz)
  Total number of paths / destination ports: 2287 / 48
-------------------------------------------------------------------------
Delay:               7.791ns (Levels of Logic = 8)
  Source:            SHELL1_UCONTROL/timer5 (FF)
  Destination:       SHELL1_UCONTROL/timer8 (FF)
  Source Clock:      CLK rising
  Destination Clock: CLK rising

  Data Path: SHELL1_UCONTROL/timer5 to SHELL1_UCONTROL/timer8
                                Gate     Net
    Cell:in->out      fanout   Delay   Delay  Logical Name (Net Name)
    ----------------------------------------  ------------
     FD:C->Q               3   0.591   0.674  SHELL1_UCONTROL/timer5 (SHELL1_UCONTROL/timer5)
     LUT4:I0->O            1   0.648   0.000  SHELL1_UCONTROL/sreg_FSM_FFd3-In1_wg_lut<1> (SHELL1_UCONTROL/sreg_FSM_FFd3-In1_wg_lut<1>)
     MUXCY:S->O            1   0.632   0.000  SHELL1_UCONTROL/sreg_FSM_FFd3-In1_wg_cy<1> (SHELL1_UCONTROL/sreg_FSM_FFd3-In1_wg_cy<1>)
     MUXCY:CI->O           1   0.065   0.000  SHELL1_UCONTROL/sreg_FSM_FFd3-In1_wg_cy<2> (SHELL1_UCONTROL/sreg_FSM_FFd3-In1_wg_cy<2>)
     MUXCY:CI->O           1   0.065   0.000  SHELL1_UCONTROL/sreg_FSM_FFd3-In1_wg_cy<3> (SHELL1_UCONTROL/sreg_FSM_FFd3-In1_wg_cy<3>)
     MUXCY:CI->O          10   0.269   0.885  SHELL1_UCONTROL/sreg_FSM_FFd3-In1_wg_cy<4> (SHELL1_UCONTROL/N9)
     LUT4:I3->O            3   0.648   0.611  SHELL1_UCONTROL/status<0>1131 (SHELL1_UCONTROL/status<0>1131)
     LUT4:I1->O           19   0.643   1.165  SHELL1_UCONTROL/timer<0>2 (SHELL1_UCONTROL/N10)
     LUT2:I1->O            1   0.643   0.000  SHELL1_UCONTROL/timer<9>1 (SHELL1_UCONTROL/timer<9>)
     FD:D                      0.252          SHELL1_UCONTROL/timer9
    ----------------------------------------
    Total                      7.791ns (4.456ns logic, 3.335ns route)
                                       (57.2% logic, 42.8% route)

=========================================================================
Timing constraint: Default OFFSET IN BEFORE for Clock 'CLK'
  Total number of paths / destination ports: 37 / 37
-------------------------------------------------------------------------
Offset:              4.785ns (Levels of Logic = 3)
  Source:            RESET (PAD)
  Destination:       SHELL1_UCONTROL/timer8 (FF)
  Destination Clock: CLK rising

  Data Path: RESET to SHELL1_UCONTROL/timer8
                                Gate     Net
    Cell:in->out      fanout   Delay   Delay  Logical Name (Net Name)
    ----------------------------------------  ------------
     IBUF:I->O            19   0.849   1.228  RESET_IBUF (RESET_IBUF)
     LUT4:I0->O           19   0.648   1.165  SHELL1_UCONTROL/timer<0>2 (SHELL1_UCONTROL/N10)
     LUT2:I1->O            1   0.643   0.000  SHELL1_UCONTROL/timer<9>1 (SHELL1_UCONTROL/timer<9>)
     FD:D                      0.252          SHELL1_UCONTROL/timer9
    ----------------------------------------
    Total                      4.785ns (2.392ns logic, 2.393ns route)
                                       (50.0% logic, 50.0% route)

=========================================================================
Timing constraint: Default OFFSET OUT AFTER for Clock 'CLK'
  Total number of paths / destination ports: 8 / 8
-------------------------------------------------------------------------
Offset:              5.558ns (Levels of Logic = 1)
  Source:            SHELL1_UCONTROL/LCD_E (FF)
  Destination:       LCD_E (PAD)
  Source Clock:      CLK rising

  Data Path: SHELL1_UCONTROL/LCD_E to LCD_E
                                Gate     Net
    Cell:in->out      fanout   Delay   Delay  Logical Name (Net Name)
    ----------------------------------------  ------------
     FDRS:C->Q             2   0.591   0.447  SHELL1_UCONTROL/LCD_E (SHELL1_UCONTROL/LCD_E)
     OBUF:I->O                 4.520          LCD_E_OBUF (LCD_E)
    ----------------------------------------
    Total                      5.558ns (5.111ns logic, 0.447ns route)
                                       (92.0% logic, 8.0% route)

=========================================================================


Total REAL time to Xst completion: 11.00 secs
Total CPU time to Xst completion: 11.61 secs
 
--> 

Total memory usage is 183092 kilobytes

Number of errors   :    0 (   0 filtered)
Number of warnings :   26 (   0 filtered)
Number of infos    :    2 (   0 filtered)

