#:C9     
#Xilinx FPGA Editor Command Log File
#Editor Version:
#:V   NT M2.1 K.31
#Current Working Directory:
#:D   D:\Designs\DCSE\LCD_Spartan3E
#Date/Time:
#:T   Wed Sep 09 00:42:22 2009
#------------------------------
	#Reading Modulo3.ncd...
	#Loading device for application Rf_Device from file '3s500e.nph' in environment C:\Xilinx\10.1\ISE.
	#   "Modulo3" is an NCD, version 3.2, device xc3s500e, package fg320, speed -4
	#Building chip graphics...
	#Loading speed info...
	#1
setattr main edit-mode no-logic-changes
	#2
unselect -all
	#3
unselect -all
	#4
select rpm 'Shape_21'
	#RPM Shape_21, type CARRY
	#5
unselect -all
	#6
unselect -all
	#7
select rpm 'Shape_21'
	#RPM Shape_21, type CARRY
	#8
unselect -all
	#9
select rpm 'Shape_21'
	#RPM Shape_21, type CARRY
	#10
unselect -all
	#11
select rpm 'Shape_21'
	#RPM Shape_21, type CARRY
	#12
unselect -all
