iMPACT Version: 10.1

iMPACT log file Started on Tue Sep 01 21:37:55 2009

// *** BATCH CMD : setMode -bs
// *** BATCH CMD : setMode -bs
GUI --- Auto connect to cable...
// *** BATCH CMD : setCable -port auto
AutoDetecting cable. Please wait.
PROGRESS_START - Starting Operation.
Connecting to cable (Parallel Port - LPT1).
Checking cable driver.
 Driver windrvr6.sys version = 9.2.1.0. WinDriver v9.21 Jungo (c) 1997 - 2008 Build Date: Jul  3 2008 X86 32bit SYS18:41:51, version = 921.
Cable connection failed.
Connecting to cable (Parallel Port - LPT2).
Checking cable driver.
 Driver windrvr6.sys version = 9.2.1.0. WinDriver v9.21 Jungo (c) 1997 - 2008 Build Date: Jul  3 2008 X86 32bit SYS18:41:51, version = 921.
Cable connection failed.
Connecting to cable (Parallel Port - LPT3).
Checking cable driver.
 Driver windrvr6.sys version = 9.2.1.0. WinDriver v9.21 Jungo (c) 1997 - 2008 Build Date: Jul  3 2008 X86 32bit SYS18:41:51, version = 921.
Cable connection failed.
Connecting to cable (Parallel Port - LPT4).
Checking cable driver.
 Driver windrvr6.sys version = 9.2.1.0. WinDriver v9.21 Jungo (c) 1997 - 2008 Build Date: Jul  3 2008 X86 32bit SYS18:41:51, version = 921.
Cable connection failed.
Connecting to cable (Usb Port - USB21).
Checking cable driver.
 Driver file xusb_emb.sys found.
 Driver version: src=1029, dest=1029.
 Driver windrvr6.sys version = 9.2.1.0. WinDriver v9.21 Jungo (c) 1997 - 2008 Build Date: Jul  3 2008 X86 32bit SYS18:41:51, version = 921.
Cable connection failed.
Connecting to cable (Usb Port - USB22).
Checking cable driver.
 Driver file xusb_emb.sys found.
 Driver version: src=1029, dest=1029.
 Driver windrvr6.sys version = 9.2.1.0. WinDriver v9.21 Jungo (c) 1997 - 2008 Build Date: Jul  3 2008 X86 32bit SYS18:41:51, version = 921.
Cable connection failed.
Connecting to cable (Usb Port - USB23).
Checking cable driver.
 Driver file xusb_emb.sys found.
 Driver version: src=1029, dest=1029.
 Driver windrvr6.sys version = 9.2.1.0. WinDriver v9.21 Jungo (c) 1997 - 2008 Build Date: Jul  3 2008 X86 32bit SYS18:41:51, version = 921.
Cable connection failed.
Connecting to cable (Usb Port - USB24).
Checking cable driver.
 Driver file xusb_emb.sys found.
 Driver version: src=1029, dest=1029.
 Driver windrvr6.sys version = 9.2.1.0. WinDriver v9.21 Jungo (c) 1997 - 2008 Build Date: Jul  3 2008 X86 32bit SYS18:41:51, version = 921.
Cable connection failed.
PROGRESS_END - End Operation.
Elapsed time =     10 sec.
Cable autodetection failed.
WARNING:iMPACT:923 - Can not find cable, check cable setup !// *** BATCH CMD : setMode -bs
 Count ReleaseSemaphore rc = 298.
