Release 10.1 Map K.31 (nt)
Xilinx Mapping Report File for Design 'left_right_leds'

Design Information
------------------
Command Line   : map -ise D:/Designs/DCSE/boton_rotatorio/boton_rotatorio.ise
-intstyle ise -p xc3s500e-fg320-4 -cm area -pr off -k 4 -c 100 -o
left_right_leds_map.ncd left_right_leds.ngd left_right_leds.pcf 
Target Device  : xc3s500e
Target Package : fg320
Target Speed   : -4
Mapper Version : spartan3e -- $Revision: 1.46 $
Mapped Date    : Tue Sep 01 21:34:53 2009

Design Summary
--------------
Number of errors:      0
Number of warnings:    0
Logic Utilization:
  Number of Slice Flip Flops:            34 out of   9,312    1%
  Number of 4 input LUTs:                20 out of   9,312    1%
Logic Distribution:
  Number of occupied Slices:             21 out of   4,656    1%
    Number of Slices containing only related logic:      21 out of      21 100%
    Number of Slices containing unrelated logic:          0 out of      21   0%
      *See NOTES below for an explanation of the effects of unrelated logic.
  Total Number of 4 input LUTs:          20 out of   9,312    1%
  Number of bonded IOBs:                 12 out of     232    5%
  Number of BUFGMUXs:                     1 out of      24    4%

Peak Memory Usage:  167 MB
Total REAL time to MAP completion:  7 secs 
Total CPU time to MAP completion:   4 secs 

NOTES:

   Related logic is defined as being logic that shares connectivity - e.g. two
   LUTs are "related" if they share common inputs.  When assembling slices,
   Map gives priority to combine logic that is related.  Doing so results in
   the best timing performance.

   Unrelated logic shares no connectivity.  Map will only begin packing
   unrelated logic into a slice once 99% of the slices are occupied through
   related logic packing.

   Note that once logic distribution reaches the 99% level through related
   logic packing, this does not mean the device is completely utilized.
   Unrelated logic packing will then begin, continuing until all usable LUTs
   and FFs are occupied.  Depending on your timing budget, increased levels of
   unrelated logic packing may adversely affect the overall timing performance
   of your design.

Table of Contents
-----------------
Section 1 - Errors
Section 2 - Warnings
Section 3 - Informational
Section 4 - Removed Logic Summary
Section 5 - Removed Logic
Section 6 - IOB Properties
Section 7 - RPMs
Section 8 - Guide Report
Section 9 - Area Group and Partition Summary
Section 10 - Modular Design Summary
Section 11 - Timing Report
Section 12 - Configuration String Information
Section 13 - Control Set Information
Section 14 - Utilization by Hierarchy

Section 1 - Errors
------------------

Section 2 - Warnings
--------------------

Section 3 - Informational
-------------------------
INFO:MapLib:562 - No environment variables are currently set.
INFO:MapLib:159 - Net Timing constraints on signal clk are pushed forward
   through input buffer.
INFO:LIT:244 - All of the single ended outputs in this design are using slew
   rate limited output drivers. The delay on speed critical single ended outputs
   can be dramatically reduced by designating them as fast outputs.

Section 4 - Removed Logic Summary
---------------------------------
   1 block(s) optimized away

Section 5 - Removed Logic
-------------------------

Optimized Block(s):
TYPE 		BLOCK
VCC 		XST_VCC

Section 6 - IOB Properties
--------------------------

+----------------------------------------------------------------------------------------------------------------------------------------+
| IOB Name                           | Type             | Direction | IO Standard | Drive    | Slew | Reg (s)      | Resistor | IOB      |
|                                    |                  |           |             | Strength | Rate |              |          | Delay    |
+----------------------------------------------------------------------------------------------------------------------------------------+
| clk                                | IBUF             | INPUT     | LVTTL       |          |      |              |          | 0 / 0    |
| led<0>                             | IOB              | OUTPUT    | LVTTL       | 4        | SLOW |              |          | 0 / 0    |
| led<1>                             | IOB              | OUTPUT    | LVTTL       | 4        | SLOW |              |          | 0 / 0    |
| led<2>                             | IOB              | OUTPUT    | LVTTL       | 4        | SLOW |              |          | 0 / 0    |
| led<3>                             | IOB              | OUTPUT    | LVTTL       | 4        | SLOW |              |          | 0 / 0    |
| led<4>                             | IOB              | OUTPUT    | LVTTL       | 4        | SLOW |              |          | 0 / 0    |
| led<5>                             | IOB              | OUTPUT    | LVTTL       | 4        | SLOW |              |          | 0 / 0    |
| led<6>                             | IOB              | OUTPUT    | LVTTL       | 4        | SLOW |              |          | 0 / 0    |
| led<7>                             | IOB              | OUTPUT    | LVTTL       | 4        | SLOW |              |          | 0 / 0    |
| rotary_a                           | IBUF             | INPUT     | LVTTL       |          |      |              | PULLUP   | 0 / 0    |
| rotary_b                           | IBUF             | INPUT     | LVTTL       |          |      |              | PULLUP   | 0 / 0    |
| rotary_press                       | IBUF             | INPUT     | LVTTL       |          |      |              | PULLDOWN | 0 / 0    |
+----------------------------------------------------------------------------------------------------------------------------------------+

Section 7 - RPMs
----------------

Section 8 - Guide Report
------------------------
Guide not run on this design.

Section 9 - Area Group and Partition Summary
--------------------------------------------

Partition Implementation Status
-------------------------------

  No Partitions were found in this design.

-------------------------------

Area Group Information
----------------------

  No area groups were found in this design.

----------------------

Section 10 - Modular Design Summary
-----------------------------------
Modular Design not used for this design.

Section 11 - Timing Report
--------------------------
This design was not run using timing mode.

Section 12 - Configuration String Details
-----------------------------------------
Use the "-detail" map option to print out Configuration Strings

Section 13 - Control Set Information
------------------------------------
No control set information for this architecture.

Section 14 - Utilization by Hierarchy
-------------------------------------
+-------------------------------------------------------------------------------------------------------------------------------------------------------------+
| Module             | Partition | Slices        | Slice Reg     | LUTs          | LUTRAM        | BRAM      | MULT18X18 | BUFG  | DCM   | Full Hierarchical  |
+-------------------------------------------------------------------------------------------------------------------------------------------------------------+
| left_right_leds/   |           | 21/21         | 34/34         | 20/20         | 0/0           | 0/0       | 0/0       | 1/1   | 0/0   | left_right_leds    |
+-------------------------------------------------------------------------------------------------------------------------------------------------------------+

* Slices can be packed with basic elements from multiple hierarchies.
  Therefore, a slice will be counted in every hierarchical module
  that each of its packed basic elements belong to.
** For each column, there are two numbers reported <A>/<B>.
   <A> is the number of elements that belong to that specific hierarchical module.
   <B> is the total number of elements from that hierarchical module and any lower level
   hierarchical modules below.
*** The LUTRAM column counts all LUTs used as memory including RAM, ROM, and shift registers.
