Release 10.1 - xst K.31 (nt)
Copyright (c) 1995-2008 Xilinx, Inc.  All rights reserved.
--> Parameter TMPDIR set to D:/Designs/DCSE/FPGA Prototyping/PS2_Keyboard/xst/projnav.tmp


Total REAL time to Xst completion: 0.00 secs
Total CPU time to Xst completion: 0.19 secs
 
--> Parameter xsthdpdir set to D:/Designs/DCSE/FPGA Prototyping/PS2_Keyboard/xst


Total REAL time to Xst completion: 0.00 secs
Total CPU time to Xst completion: 0.20 secs
 
--> Reading design: kb_monitor.prj

TABLE OF CONTENTS
  1) Synthesis Options Summary
  2) HDL Compilation
  3) Design Hierarchy Analysis
  4) HDL Analysis
  5) HDL Synthesis
     5.1) HDL Synthesis Report
  6) Advanced HDL Synthesis
     6.1) Advanced HDL Synthesis Report
  7) Low Level Synthesis
  8) Partition Report
  9) Final Report
     9.1) Device utilization summary
     9.2) Partition Resource Summary
     9.3) TIMING REPORT


=========================================================================
*                      Synthesis Options Summary                        *
=========================================================================
---- Source Parameters
Input File Name                    : "kb_monitor.prj"
Input Format                       : mixed
Ignore Synthesis Constraint File   : NO

---- Target Parameters
Output File Name                   : "kb_monitor"
Output Format                      : NGC
Target Device                      : xc3s700a-4-fg484

---- Source Options
Top Module Name                    : kb_monitor
Automatic FSM Extraction           : YES
FSM Encoding Algorithm             : Auto
Safe Implementation                : No
FSM Style                          : lut
RAM Extraction                     : Yes
RAM Style                          : Auto
ROM Extraction                     : Yes
Mux Style                          : Auto
Decoder Extraction                 : YES
Priority Encoder Extraction        : YES
Shift Register Extraction          : YES
Logical Shifter Extraction         : YES
XOR Collapsing                     : YES
ROM Style                          : Auto
Mux Extraction                     : YES
Resource Sharing                   : YES
Asynchronous To Synchronous        : NO
Multiplier Style                   : auto
Automatic Register Balancing       : No

---- Target Options
Add IO Buffers                     : YES
Global Maximum Fanout              : 500
Add Generic Clock Buffer(BUFG)     : 24
Register Duplication               : YES
Slice Packing                      : YES
Optimize Instantiated Primitives   : NO
Use Clock Enable                   : Yes
Use Synchronous Set                : Yes
Use Synchronous Reset              : Yes
Pack IO Registers into IOBs        : auto
Equivalent register Removal        : YES

---- General Options
Optimization Goal                  : Speed
Optimization Effort                : 1
Library Search Order               : kb_monitor.lso
Keep Hierarchy                     : NO
Netlist Hierarchy                  : as_optimized
RTL Output                         : Yes
Global Optimization                : AllClockNets
Read Cores                         : YES
Write Timing Constraints           : NO
Cross Clock Analysis               : NO
Hierarchy Separator                : /
Bus Delimiter                      : <>
Case Specifier                     : maintain
Slice Utilization Ratio            : 100
BRAM Utilization Ratio             : 100
Verilog 2001                       : YES
Auto BRAM Packing                  : NO
Slice Utilization Ratio Delta      : 5

=========================================================================


=========================================================================
*                          HDL Compilation                              *
=========================================================================
Compiling vhdl file "D:/Designs/DCSE/FPGA Prototyping/PS2_Keyboard/mod_m_counter.vhd" in Library work.
Architecture behavioral of Entity mod_m_counter is up to date.
Compiling vhdl file "D:/Designs/DCSE/FPGA Prototyping/PS2_Keyboard/uart_rx.vhd" in Library work.
Architecture behavioral of Entity uart_rx is up to date.
Compiling vhdl file "D:/Designs/DCSE/FPGA Prototyping/PS2_Keyboard/fifo.vhd" in Library work.
Architecture behavioral of Entity fifo is up to date.
Compiling vhdl file "D:/Designs/DCSE/FPGA Prototyping/PS2_Keyboard/uart_tx.vhd" in Library work.
Architecture behavioral of Entity uart_tx is up to date.
Compiling vhdl file "D:/Designs/DCSE/FPGA Prototyping/PS2_Keyboard/ps2_rx.vhd" in Library work.
Architecture behavioral of Entity ps2_rx is up to date.
Compiling vhdl file "D:/Designs/DCSE/FPGA Prototyping/PS2_Keyboard/uart.vhd" in Library work.
Architecture behavioral of Entity uart is up to date.
Compiling vhdl file "D:/Designs/DCSE/FPGA Prototyping/PS2_Keyboard/kb_monitor.vhd" in Library work.
Architecture behavioral of Entity kb_monitor is up to date.

=========================================================================
*                     Design Hierarchy Analysis                         *
=========================================================================
Analyzing hierarchy for entity <kb_monitor> in library <work> (architecture <behavioral>).

Analyzing hierarchy for entity <ps2_rx> in library <work> (architecture <Behavioral>).

Analyzing hierarchy for entity <uart> in library <work> (architecture <Behavioral>) with generics.
	DBIT = 8
	DVSR = 163
	DVSR_BIT = 8
	FIFO_W = 2
	SB_TICK = 16

Analyzing hierarchy for entity <mod_m_counter> in library <work> (architecture <Behavioral>) with generics.
	M = 163
	N = 8

Analyzing hierarchy for entity <uart_rx> in library <work> (architecture <Behavioral>) with generics.
	DBIT = 8
	SB_TICK = 16

Analyzing hierarchy for entity <fifo> in library <work> (architecture <Behavioral>) with generics.
	B = 8
	W = 2

Analyzing hierarchy for entity <uart_tx> in library <work> (architecture <Behavioral>) with generics.
	DBIT = 8
	SB_TICK = 16


=========================================================================
*                            HDL Analysis                               *
=========================================================================
Analyzing Entity <kb_monitor> in library <work> (Architecture <behavioral>).
WARNING:Xst:753 - "D:/Designs/DCSE/FPGA Prototyping/PS2_Keyboard/kb_monitor.vhd" line 62: Unconnected output port 'tx_full' of component 'uart'.
WARNING:Xst:753 - "D:/Designs/DCSE/FPGA Prototyping/PS2_Keyboard/kb_monitor.vhd" line 62: Unconnected output port 'rx_empty' of component 'uart'.
WARNING:Xst:753 - "D:/Designs/DCSE/FPGA Prototyping/PS2_Keyboard/kb_monitor.vhd" line 62: Unconnected output port 'r_data' of component 'uart'.
Entity <kb_monitor> analyzed. Unit <kb_monitor> generated.

Analyzing Entity <ps2_rx> in library <work> (Architecture <Behavioral>).
Entity <ps2_rx> analyzed. Unit <ps2_rx> generated.

Analyzing generic Entity <uart> in library <work> (Architecture <Behavioral>).
	DBIT = 8
	DVSR = 163
	DVSR_BIT = 8
	FIFO_W = 2
	SB_TICK = 16
WARNING:Xst:753 - "D:/Designs/DCSE/FPGA Prototyping/PS2_Keyboard/uart.vhd" line 59: Unconnected output port 'q' of component 'mod_m_counter'.
WARNING:Xst:753 - "D:/Designs/DCSE/FPGA Prototyping/PS2_Keyboard/uart.vhd" line 72: Unconnected output port 'full' of component 'fifo'.
Entity <uart> analyzed. Unit <uart> generated.

Analyzing generic Entity <mod_m_counter> in library <work> (Architecture <Behavioral>).
	M = 163
	N = 8
Entity <mod_m_counter> analyzed. Unit <mod_m_counter> generated.

Analyzing generic Entity <uart_rx> in library <work> (Architecture <Behavioral>).
	DBIT = 8
	SB_TICK = 16
Entity <uart_rx> analyzed. Unit <uart_rx> generated.

Analyzing generic Entity <fifo> in library <work> (Architecture <Behavioral>).
	B = 8
	W = 2
Entity <fifo> analyzed. Unit <fifo> generated.

Analyzing generic Entity <uart_tx> in library <work> (Architecture <Behavioral>).
	DBIT = 8
	SB_TICK = 16
Entity <uart_tx> analyzed. Unit <uart_tx> generated.


=========================================================================
*                           HDL Synthesis                               *
=========================================================================

Performing bidirectional port resolution...

Synthesizing Unit <ps2_rx>.
    Related source file is "D:/Designs/DCSE/FPGA Prototyping/PS2_Keyboard/ps2_rx.vhd".
    Found finite state machine <FSM_0> for signal <state_reg>.
    -----------------------------------------------------------------------
    | States             | 3                                              |
    | Transitions        | 6                                              |
    | Inputs             | 2                                              |
    | Outputs            | 4                                              |
    | Clock              | clk (rising_edge)                              |
    | Reset              | reset (positive)                               |
    | Reset type         | asynchronous                                   |
    | Reset State        | idle                                           |
    | Power Up State     | idle                                           |
    | Encoding           | automatic                                      |
    | Implementation     | LUT                                            |
    -----------------------------------------------------------------------
    Found 9-bit register for signal <b_reg>.
    Found 1-bit register for signal <f_ps2c_reg>.
    Found 8-bit register for signal <filter_reg>.
    Found 4-bit register for signal <n_reg>.
    Found 4-bit subtractor for signal <n_reg$addsub0000> created at line 107.
    Summary:
	inferred   1 Finite State Machine(s).
	inferred  22 D-type flip-flop(s).
	inferred   1 Adder/Subtractor(s).
Unit <ps2_rx> synthesized.


Synthesizing Unit <mod_m_counter>.
    Related source file is "D:/Designs/DCSE/FPGA Prototyping/PS2_Keyboard/mod_m_counter.vhd".
    Found 8-bit adder for signal <r_next$addsub0000> created at line 55.
    Found 8-bit register for signal <r_reg>.
    Summary:
	inferred   8 D-type flip-flop(s).
	inferred   1 Adder/Subtractor(s).
Unit <mod_m_counter> synthesized.


Synthesizing Unit <uart_rx>.
    Related source file is "D:/Designs/DCSE/FPGA Prototyping/PS2_Keyboard/uart_rx.vhd".
INFO:Xst:1799 - State data is never reached in FSM <state_reg>.
INFO:Xst:1799 - State start is never reached in FSM <state_reg>.
INFO:Xst:1799 - State stop is never reached in FSM <state_reg>.
    Found finite state machine <FSM_1> for signal <state_reg>.
    -----------------------------------------------------------------------
    | States             | 1                                              |
    | Transitions        | 1                                              |
    | Inputs             | 4                                              |
    | Outputs            | 2                                              |
    | Clock              | clk (rising_edge)                              |
    | Reset              | reset (positive)                               |
    | Reset type         | asynchronous                                   |
    | Reset State        | idle                                           |
    | Power Up State     | idle                                           |
    | Encoding           | automatic                                      |
    | Implementation     | LUT                                            |
    -----------------------------------------------------------------------
    Found 8-bit register for signal <b_reg>.
    Found 3-bit register for signal <n_reg>.
    Found 3-bit adder for signal <n_reg$addsub0000> created at line 98.
    Found 4-bit register for signal <s_reg>.
    Found 4-bit adder for signal <s_reg$share0000> created at line 74.
    Summary:
	inferred   1 Finite State Machine(s).
	inferred  15 D-type flip-flop(s).
	inferred   2 Adder/Subtractor(s).
Unit <uart_rx> synthesized.


Synthesizing Unit <fifo>.
    Related source file is "D:/Designs/DCSE/FPGA Prototyping/PS2_Keyboard/fifo.vhd".
    Found 8-bit 4-to-1 multiplexer for signal <r_data>.
    Found 32-bit register for signal <array_reg>.
    Found 1-bit register for signal <empty_reg>.
    Found 2-bit comparator equal for signal <empty_reg$cmp_eq0000> created at line 111.
    Found 1-bit 4-to-1 multiplexer for signal <empty_reg$mux0000> created at line 105.
    Found 1-bit register for signal <full_reg>.
    Found 2-bit comparator equal for signal <full_reg$cmp_eq0000> created at line 119.
    Found 1-bit 4-to-1 multiplexer for signal <full_reg$mux0000> created at line 105.
    Found 2-bit register for signal <r_ptr_reg>.
    Found 2-bit 4-to-1 multiplexer for signal <r_ptr_reg$mux0000> created at line 105.
    Found 2-bit adder for signal <r_ptr_succ$add0000> created at line 95.
    Found 2-bit register for signal <w_ptr_reg>.
    Found 2-bit 4-to-1 multiplexer for signal <w_ptr_reg$mux0000> created at line 105.
    Found 2-bit adder for signal <w_ptr_succ$add0000> created at line 94.
    Summary:
	inferred  38 D-type flip-flop(s).
	inferred   2 Adder/Subtractor(s).
	inferred   2 Comparator(s).
	inferred  14 Multiplexer(s).
Unit <fifo> synthesized.


Synthesizing Unit <uart_tx>.
    Related source file is "D:/Designs/DCSE/FPGA Prototyping/PS2_Keyboard/uart_tx.vhd".
    Found finite state machine <FSM_2> for signal <state_reg>.
    -----------------------------------------------------------------------
    | States             | 4                                              |
    | Transitions        | 12                                             |
    | Inputs             | 4                                              |
    | Outputs            | 4                                              |
    | Clock              | clk (rising_edge)                              |
    | Reset              | reset (positive)                               |
    | Reset type         | asynchronous                                   |
    | Reset State        | idle                                           |
    | Power Up State     | idle                                           |
    | Encoding           | automatic                                      |
    | Implementation     | LUT                                            |
    -----------------------------------------------------------------------
    Found 8-bit register for signal <b_reg>.
    Found 3-bit register for signal <n_reg>.
    Found 3-bit adder for signal <n_reg$addsub0000> created at line 107.
    Found 4-bit adder for signal <s_next$add0000> created at line 95.
    Found 4-bit register for signal <s_reg>.
    Found 1-bit register for signal <tx_reg>.
    Summary:
	inferred   1 Finite State Machine(s).
	inferred  16 D-type flip-flop(s).
	inferred   2 Adder/Subtractor(s).
Unit <uart_tx> synthesized.


Synthesizing Unit <uart>.
    Related source file is "D:/Designs/DCSE/FPGA Prototyping/PS2_Keyboard/uart.vhd".
Unit <uart> synthesized.


Synthesizing Unit <kb_monitor>.
    Related source file is "D:/Designs/DCSE/FPGA Prototyping/PS2_Keyboard/kb_monitor.vhd".
    Found finite state machine <FSM_3> for signal <state_reg>.
    -----------------------------------------------------------------------
    | States             | 4                                              |
    | Transitions        | 5                                              |
    | Inputs             | 1                                              |
    | Outputs            | 5                                              |
    | Clock              | clk (rising_edge)                              |
    | Reset              | reset (positive)                               |
    | Reset type         | asynchronous                                   |
    | Reset State        | idle                                           |
    | Power Up State     | idle                                           |
    | Encoding           | automatic                                      |
    | Implementation     | LUT                                            |
    -----------------------------------------------------------------------
    Found 16x8-bit ROM for signal <ascii_char>.
    Summary:
	inferred   1 Finite State Machine(s).
	inferred   1 ROM(s).
Unit <kb_monitor> synthesized.

INFO:Xst:1767 - HDL ADVISOR - Resource sharing has identified that some arithmetic operations in this design can share the same physical resources for reduced device utilization. For improved clock frequency you may try to disable resource sharing.

=========================================================================
HDL Synthesis Report

Macro Statistics
# ROMs                                                 : 1
 16x8-bit ROM                                          : 1
# Adders/Subtractors                                   : 10
 2-bit adder                                           : 4
 3-bit adder                                           : 2
 4-bit adder                                           : 2
 4-bit subtractor                                      : 1
 8-bit adder                                           : 1
# Registers                                            : 28
 1-bit register                                        : 6
 2-bit register                                        : 4
 3-bit register                                        : 2
 4-bit register                                        : 3
 8-bit register                                        : 12
 9-bit register                                        : 1
# Comparators                                          : 4
 2-bit comparator equal                                : 4
# Multiplexers                                         : 10
 1-bit 4-to-1 multiplexer                              : 4
 2-bit 4-to-1 multiplexer                              : 4
 8-bit 4-to-1 multiplexer                              : 2

=========================================================================

=========================================================================
*                       Advanced HDL Synthesis                          *
=========================================================================

Analyzing FSM <FSM_3> for best encoding.
Optimizing FSM <state_reg/FSM> on signal <state_reg[1:2]> with gray encoding.
-------------------
 State | Encoding
-------------------
 idle  | 00
 send1 | 01
 send0 | 11
 sendb | 10
-------------------
Analyzing FSM <FSM_2> for best encoding.
Optimizing FSM <uart_unit/uart_tx_unit/state_reg/FSM> on signal <state_reg[1:2]> with sequential encoding.
-------------------
 State | Encoding
-------------------
 idle  | 00
 start | 01
 data  | 10
 stop  | 11
-------------------
Analyzing FSM <FSM_1> for best encoding.
Optimizing FSM <uart_unit/uart_rx_unit/state_reg/FSM> on signal <state_reg[1:0]> with gray encoding.
-------------------
 State | Encoding
-------------------
 idle  | 
 start | unreached
 data  | unreached
 stop  | unreached
-------------------
Analyzing FSM <FSM_0> for best encoding.
Optimizing FSM <ps2_rx_unit/state_reg/FSM> on signal <state_reg[1:2]> with gray encoding.
-------------------
 State | Encoding
-------------------
 idle  | 00
 dps   | 01
 load  | 11
-------------------
Loading device for application Rf_Device from file '3s700a.nph' in environment C:\Xilinx\10.1\ISE.
WARNING:Xst:1710 - FF/Latch <n_reg_0> (without init value) has a constant value of 0 in block <uart_rx>. This FF/Latch will be trimmed during the optimization process.
WARNING:Xst:1895 - Due to other FF/Latch trimming, FF/Latch <n_reg_1> (without init value) has a constant value of 0 in block <uart_rx>. This FF/Latch will be trimmed during the optimization process.
WARNING:Xst:1895 - Due to other FF/Latch trimming, FF/Latch <n_reg_2> (without init value) has a constant value of 0 in block <uart_rx>. This FF/Latch will be trimmed during the optimization process.
WARNING:Xst:1895 - Due to other FF/Latch trimming, FF/Latch <b_reg_7> (without init value) has a constant value of 0 in block <uart_rx>. This FF/Latch will be trimmed during the optimization process.
WARNING:Xst:1895 - Due to other FF/Latch trimming, FF/Latch <s_reg_0> (without init value) has a constant value of 0 in block <uart_rx>. This FF/Latch will be trimmed during the optimization process.
WARNING:Xst:1895 - Due to other FF/Latch trimming, FF/Latch <s_reg_1> (without init value) has a constant value of 0 in block <uart_rx>. This FF/Latch will be trimmed during the optimization process.
WARNING:Xst:1895 - Due to other FF/Latch trimming, FF/Latch <s_reg_2> (without init value) has a constant value of 0 in block <uart_rx>. This FF/Latch will be trimmed during the optimization process.
WARNING:Xst:1895 - Due to other FF/Latch trimming, FF/Latch <s_reg_3> (without init value) has a constant value of 0 in block <uart_rx>. This FF/Latch will be trimmed during the optimization process.
WARNING:Xst:1895 - Due to other FF/Latch trimming, FF/Latch <b_reg_6> (without init value) has a constant value of 0 in block <uart_rx>. This FF/Latch will be trimmed during the optimization process.
WARNING:Xst:1895 - Due to other FF/Latch trimming, FF/Latch <b_reg_5> (without init value) has a constant value of 0 in block <uart_rx>. This FF/Latch will be trimmed during the optimization process.
WARNING:Xst:1895 - Due to other FF/Latch trimming, FF/Latch <b_reg_4> (without init value) has a constant value of 0 in block <uart_rx>. This FF/Latch will be trimmed during the optimization process.
WARNING:Xst:1895 - Due to other FF/Latch trimming, FF/Latch <b_reg_3> (without init value) has a constant value of 0 in block <uart_rx>. This FF/Latch will be trimmed during the optimization process.
WARNING:Xst:1895 - Due to other FF/Latch trimming, FF/Latch <b_reg_2> (without init value) has a constant value of 0 in block <uart_rx>. This FF/Latch will be trimmed during the optimization process.
WARNING:Xst:1895 - Due to other FF/Latch trimming, FF/Latch <b_reg_1> (without init value) has a constant value of 0 in block <uart_rx>. This FF/Latch will be trimmed during the optimization process.
WARNING:Xst:1895 - Due to other FF/Latch trimming, FF/Latch <b_reg_0> (without init value) has a constant value of 0 in block <uart_rx>. This FF/Latch will be trimmed during the optimization process.
WARNING:Xst:1710 - FF/Latch <array_reg_3_7> (without init value) has a constant value of 0 in block <fifo_rx_unit>. This FF/Latch will be trimmed during the optimization process.
WARNING:Xst:1710 - FF/Latch <array_reg_3_6> (without init value) has a constant value of 0 in block <fifo_rx_unit>. This FF/Latch will be trimmed during the optimization process.
WARNING:Xst:1710 - FF/Latch <array_reg_3_5> (without init value) has a constant value of 0 in block <fifo_rx_unit>. This FF/Latch will be trimmed during the optimization process.
WARNING:Xst:1710 - FF/Latch <array_reg_3_4> (without init value) has a constant value of 0 in block <fifo_rx_unit>. This FF/Latch will be trimmed during the optimization process.
WARNING:Xst:1710 - FF/Latch <array_reg_3_3> (without init value) has a constant value of 0 in block <fifo_rx_unit>. This FF/Latch will be trimmed during the optimization process.
WARNING:Xst:1710 - FF/Latch <array_reg_3_2> (without init value) has a constant value of 0 in block <fifo_rx_unit>. This FF/Latch will be trimmed during the optimization process.
WARNING:Xst:1710 - FF/Latch <array_reg_3_1> (without init value) has a constant value of 0 in block <fifo_rx_unit>. This FF/Latch will be trimmed during the optimization process.
WARNING:Xst:1710 - FF/Latch <array_reg_3_0> (without init value) has a constant value of 0 in block <fifo_rx_unit>. This FF/Latch will be trimmed during the optimization process.
WARNING:Xst:1710 - FF/Latch <array_reg_1_7> (without init value) has a constant value of 0 in block <fifo_rx_unit>. This FF/Latch will be trimmed during the optimization process.
WARNING:Xst:1710 - FF/Latch <array_reg_1_6> (without init value) has a constant value of 0 in block <fifo_rx_unit>. This FF/Latch will be trimmed during the optimization process.
WARNING:Xst:1710 - FF/Latch <array_reg_1_5> (without init value) has a constant value of 0 in block <fifo_rx_unit>. This FF/Latch will be trimmed during the optimization process.
WARNING:Xst:1710 - FF/Latch <array_reg_1_4> (without init value) has a constant value of 0 in block <fifo_rx_unit>. This FF/Latch will be trimmed during the optimization process.
WARNING:Xst:1710 - FF/Latch <array_reg_1_3> (without init value) has a constant value of 0 in block <fifo_rx_unit>. This FF/Latch will be trimmed during the optimization process.
WARNING:Xst:1710 - FF/Latch <array_reg_1_2> (without init value) has a constant value of 0 in block <fifo_rx_unit>. This FF/Latch will be trimmed during the optimization process.
WARNING:Xst:1710 - FF/Latch <array_reg_1_1> (without init value) has a constant value of 0 in block <fifo_rx_unit>. This FF/Latch will be trimmed during the optimization process.
WARNING:Xst:1710 - FF/Latch <array_reg_1_0> (without init value) has a constant value of 0 in block <fifo_rx_unit>. This FF/Latch will be trimmed during the optimization process.
WARNING:Xst:1710 - FF/Latch <array_reg_0_7> (without init value) has a constant value of 0 in block <fifo_rx_unit>. This FF/Latch will be trimmed during the optimization process.
WARNING:Xst:1710 - FF/Latch <array_reg_0_6> (without init value) has a constant value of 0 in block <fifo_rx_unit>. This FF/Latch will be trimmed during the optimization process.
WARNING:Xst:1710 - FF/Latch <array_reg_0_5> (without init value) has a constant value of 0 in block <fifo_rx_unit>. This FF/Latch will be trimmed during the optimization process.
WARNING:Xst:1710 - FF/Latch <array_reg_0_4> (without init value) has a constant value of 0 in block <fifo_rx_unit>. This FF/Latch will be trimmed during the optimization process.
WARNING:Xst:1710 - FF/Latch <array_reg_0_3> (without init value) has a constant value of 0 in block <fifo_rx_unit>. This FF/Latch will be trimmed during the optimization process.
WARNING:Xst:1710 - FF/Latch <array_reg_0_2> (without init value) has a constant value of 0 in block <fifo_rx_unit>. This FF/Latch will be trimmed during the optimization process.
WARNING:Xst:1710 - FF/Latch <array_reg_0_1> (without init value) has a constant value of 0 in block <fifo_rx_unit>. This FF/Latch will be trimmed during the optimization process.
WARNING:Xst:1710 - FF/Latch <array_reg_0_0> (without init value) has a constant value of 0 in block <fifo_rx_unit>. This FF/Latch will be trimmed during the optimization process.
WARNING:Xst:1710 - FF/Latch <array_reg_2_7> (without init value) has a constant value of 0 in block <fifo_rx_unit>. This FF/Latch will be trimmed during the optimization process.
WARNING:Xst:1710 - FF/Latch <array_reg_2_6> (without init value) has a constant value of 0 in block <fifo_rx_unit>. This FF/Latch will be trimmed during the optimization process.
WARNING:Xst:1710 - FF/Latch <array_reg_2_5> (without init value) has a constant value of 0 in block <fifo_rx_unit>. This FF/Latch will be trimmed during the optimization process.
WARNING:Xst:1710 - FF/Latch <array_reg_2_4> (without init value) has a constant value of 0 in block <fifo_rx_unit>. This FF/Latch will be trimmed during the optimization process.
WARNING:Xst:1710 - FF/Latch <array_reg_2_3> (without init value) has a constant value of 0 in block <fifo_rx_unit>. This FF/Latch will be trimmed during the optimization process.
WARNING:Xst:1710 - FF/Latch <array_reg_2_2> (without init value) has a constant value of 0 in block <fifo_rx_unit>. This FF/Latch will be trimmed during the optimization process.
WARNING:Xst:1710 - FF/Latch <array_reg_2_1> (without init value) has a constant value of 0 in block <fifo_rx_unit>. This FF/Latch will be trimmed during the optimization process.
WARNING:Xst:1710 - FF/Latch <array_reg_2_0> (without init value) has a constant value of 0 in block <fifo_rx_unit>. This FF/Latch will be trimmed during the optimization process.

=========================================================================
Advanced HDL Synthesis Report

Macro Statistics
# ROMs                                                 : 1
 16x8-bit ROM                                          : 1
# Adders/Subtractors                                   : 8
 2-bit adder                                           : 4
 3-bit adder                                           : 1
 4-bit adder                                           : 1
 4-bit subtractor                                      : 1
 8-bit adder                                           : 1
# Registers                                            : 128
 Flip-Flops                                            : 128
# Comparators                                          : 4
 2-bit comparator equal                                : 4
# Multiplexers                                         : 10
 1-bit 4-to-1 multiplexer                              : 4
 2-bit 4-to-1 multiplexer                              : 4
 8-bit 4-to-1 multiplexer                              : 2

=========================================================================

=========================================================================
*                         Low Level Synthesis                           *
=========================================================================

Optimizing unit <kb_monitor> ...

Optimizing unit <ps2_rx> ...

Optimizing unit <mod_m_counter> ...

Optimizing unit <fifo> ...

Optimizing unit <uart_tx> ...
WARNING:Xst:1710 - FF/Latch <uart_unit/fifo_tx_unit/array_reg_3_7> (without init value) has a constant value of 0 in block <kb_monitor>. This FF/Latch will be trimmed during the optimization process.
WARNING:Xst:1895 - Due to other FF/Latch trimming, FF/Latch <uart_unit/fifo_tx_unit/array_reg_1_7> (without init value) has a constant value of 0 in block <kb_monitor>. This FF/Latch will be trimmed during the optimization process.
WARNING:Xst:1895 - Due to other FF/Latch trimming, FF/Latch <uart_unit/fifo_tx_unit/array_reg_0_7> (without init value) has a constant value of 0 in block <kb_monitor>. This FF/Latch will be trimmed during the optimization process.
WARNING:Xst:1895 - Due to other FF/Latch trimming, FF/Latch <uart_unit/fifo_tx_unit/array_reg_2_7> (without init value) has a constant value of 0 in block <kb_monitor>. This FF/Latch will be trimmed during the optimization process.
WARNING:Xst:1895 - Due to other FF/Latch trimming, FF/Latch <uart_unit/uart_tx_unit/b_reg_7> (without init value) has a constant value of 0 in block <kb_monitor>. This FF/Latch will be trimmed during the optimization process.
WARNING:Xst:2677 - Node <uart_unit/fifo_rx_unit/r_ptr_reg_1> of sequential type is unconnected in block <kb_monitor>.
WARNING:Xst:2677 - Node <uart_unit/fifo_rx_unit/r_ptr_reg_0> of sequential type is unconnected in block <kb_monitor>.
WARNING:Xst:2677 - Node <uart_unit/fifo_rx_unit/w_ptr_reg_1> of sequential type is unconnected in block <kb_monitor>.
WARNING:Xst:2677 - Node <uart_unit/fifo_rx_unit/w_ptr_reg_0> of sequential type is unconnected in block <kb_monitor>.
WARNING:Xst:2677 - Node <uart_unit/fifo_rx_unit/full_reg> of sequential type is unconnected in block <kb_monitor>.
WARNING:Xst:2677 - Node <uart_unit/fifo_rx_unit/empty_reg> of sequential type is unconnected in block <kb_monitor>.
WARNING:Xst:2677 - Node <uart_unit/fifo_rx_unit/array_reg_3_7> of sequential type is unconnected in block <kb_monitor>.
WARNING:Xst:2677 - Node <uart_unit/fifo_rx_unit/array_reg_3_6> of sequential type is unconnected in block <kb_monitor>.
WARNING:Xst:2677 - Node <uart_unit/fifo_rx_unit/array_reg_3_5> of sequential type is unconnected in block <kb_monitor>.
WARNING:Xst:2677 - Node <uart_unit/fifo_rx_unit/array_reg_3_4> of sequential type is unconnected in block <kb_monitor>.
WARNING:Xst:2677 - Node <uart_unit/fifo_rx_unit/array_reg_3_3> of sequential type is unconnected in block <kb_monitor>.
WARNING:Xst:2677 - Node <uart_unit/fifo_rx_unit/array_reg_3_2> of sequential type is unconnected in block <kb_monitor>.
WARNING:Xst:2677 - Node <uart_unit/fifo_rx_unit/array_reg_3_1> of sequential type is unconnected in block <kb_monitor>.
WARNING:Xst:2677 - Node <uart_unit/fifo_rx_unit/array_reg_3_0> of sequential type is unconnected in block <kb_monitor>.
WARNING:Xst:2677 - Node <uart_unit/fifo_rx_unit/array_reg_1_7> of sequential type is unconnected in block <kb_monitor>.
WARNING:Xst:2677 - Node <uart_unit/fifo_rx_unit/array_reg_1_6> of sequential type is unconnected in block <kb_monitor>.
WARNING:Xst:2677 - Node <uart_unit/fifo_rx_unit/array_reg_1_5> of sequential type is unconnected in block <kb_monitor>.
WARNING:Xst:2677 - Node <uart_unit/fifo_rx_unit/array_reg_1_4> of sequential type is unconnected in block <kb_monitor>.
WARNING:Xst:2677 - Node <uart_unit/fifo_rx_unit/array_reg_1_3> of sequential type is unconnected in block <kb_monitor>.
WARNING:Xst:2677 - Node <uart_unit/fifo_rx_unit/array_reg_1_2> of sequential type is unconnected in block <kb_monitor>.
WARNING:Xst:2677 - Node <uart_unit/fifo_rx_unit/array_reg_1_1> of sequential type is unconnected in block <kb_monitor>.
WARNING:Xst:2677 - Node <uart_unit/fifo_rx_unit/array_reg_1_0> of sequential type is unconnected in block <kb_monitor>.
WARNING:Xst:2677 - Node <uart_unit/fifo_rx_unit/array_reg_0_7> of sequential type is unconnected in block <kb_monitor>.
WARNING:Xst:2677 - Node <uart_unit/fifo_rx_unit/array_reg_0_6> of sequential type is unconnected in block <kb_monitor>.
WARNING:Xst:2677 - Node <uart_unit/fifo_rx_unit/array_reg_0_5> of sequential type is unconnected in block <kb_monitor>.
WARNING:Xst:2677 - Node <uart_unit/fifo_rx_unit/array_reg_0_4> of sequential type is unconnected in block <kb_monitor>.
WARNING:Xst:2677 - Node <uart_unit/fifo_rx_unit/array_reg_0_3> of sequential type is unconnected in block <kb_monitor>.
WARNING:Xst:2677 - Node <uart_unit/fifo_rx_unit/array_reg_0_2> of sequential type is unconnected in block <kb_monitor>.
WARNING:Xst:2677 - Node <uart_unit/fifo_rx_unit/array_reg_0_1> of sequential type is unconnected in block <kb_monitor>.
WARNING:Xst:2677 - Node <uart_unit/fifo_rx_unit/array_reg_0_0> of sequential type is unconnected in block <kb_monitor>.
WARNING:Xst:2677 - Node <uart_unit/fifo_rx_unit/array_reg_2_7> of sequential type is unconnected in block <kb_monitor>.
WARNING:Xst:2677 - Node <uart_unit/fifo_rx_unit/array_reg_2_6> of sequential type is unconnected in block <kb_monitor>.
WARNING:Xst:2677 - Node <uart_unit/fifo_rx_unit/array_reg_2_5> of sequential type is unconnected in block <kb_monitor>.
WARNING:Xst:2677 - Node <uart_unit/fifo_rx_unit/array_reg_2_4> of sequential type is unconnected in block <kb_monitor>.
WARNING:Xst:2677 - Node <uart_unit/fifo_rx_unit/array_reg_2_3> of sequential type is unconnected in block <kb_monitor>.
WARNING:Xst:2677 - Node <uart_unit/fifo_rx_unit/array_reg_2_2> of sequential type is unconnected in block <kb_monitor>.
WARNING:Xst:2677 - Node <uart_unit/fifo_rx_unit/array_reg_2_1> of sequential type is unconnected in block <kb_monitor>.
WARNING:Xst:2677 - Node <uart_unit/fifo_rx_unit/array_reg_2_0> of sequential type is unconnected in block <kb_monitor>.

Mapping all equations...
Building and optimizing final netlist ...
Found area constraint ratio of 100 (+ 5) on block kb_monitor, actual ratio is 1.

Final Macro Processing ...

=========================================================================
Final Register Report

Macro Statistics
# Registers                                            : 85
 Flip-Flops                                            : 85

=========================================================================

=========================================================================
*                           Partition Report                             *
=========================================================================

Partition Implementation Status
-------------------------------

  No Partitions were found in this design.

-------------------------------

=========================================================================
*                            Final Report                               *
=========================================================================
Final Results
RTL Top Level Output File Name     : kb_monitor.ngr
Top Level Output File Name         : kb_monitor
Output Format                      : NGC
Optimization Goal                  : Speed
Keep Hierarchy                     : NO

Design Statistics
# IOs                              : 13

Cell Usage :
# BELS                             : 163
#      LUT2                        : 7
#      LUT2_D                      : 1
#      LUT2_L                      : 2
#      LUT3                        : 40
#      LUT3_D                      : 2
#      LUT3_L                      : 4
#      LUT4                        : 71
#      LUT4_D                      : 10
#      LUT4_L                      : 11
#      MUXF5                       : 15
# FlipFlops/Latches                : 85
#      FDC                         : 47
#      FDCE                        : 37
#      FDP                         : 1
# Clock Buffers                    : 1
#      BUFGP                       : 1
# IO Buffers                       : 12
#      IBUF                        : 3
#      OBUF                        : 9
=========================================================================

Device utilization summary:
---------------------------

Selected Device : 3s700afg484-4 

 Number of Slices:                       85  out of   5888     1%  
 Number of Slice Flip Flops:             85  out of  11776     0%  
 Number of 4 input LUTs:                148  out of  11776     1%  
 Number of IOs:                          13
 Number of bonded IOBs:                  13  out of    372     3%  
 Number of GCLKs:                         1  out of     24     4%  

---------------------------
Partition Resource Summary:
---------------------------

  No Partitions were found in this design.

---------------------------


=========================================================================
TIMING REPORT

NOTE: THESE TIMING NUMBERS ARE ONLY A SYNTHESIS ESTIMATE.
      FOR ACCURATE TIMING INFORMATION PLEASE REFER TO THE TRACE REPORT
      GENERATED AFTER PLACE-and-ROUTE.

Clock Information:
------------------
-----------------------------------+------------------------+-------+
Clock Signal                       | Clock buffer(FF name)  | Load  |
-----------------------------------+------------------------+-------+
clk                                | BUFGP                  | 85    |
-----------------------------------+------------------------+-------+

Asynchronous Control Signals Information:
----------------------------------------
-----------------------------------+------------------------+-------+
Control Signal                     | Buffer(FF name)        | Load  |
-----------------------------------+------------------------+-------+
reset                              | IBUF                   | 85    |
-----------------------------------+------------------------+-------+

Timing Summary:
---------------
Speed Grade: -4

   Minimum period: 6.705ns (Maximum Frequency: 149.142MHz)
   Minimum input arrival time before clock: 1.521ns
   Maximum output required time after clock: 5.642ns
   Maximum combinational path delay: No path found

Timing Detail:
--------------
All values displayed in nanoseconds (ns)

=========================================================================
Timing constraint: Default period analysis for Clock 'clk'
  Clock period: 6.705ns (frequency: 149.142MHz)
  Total number of paths / destination ports: 1679 / 120
-------------------------------------------------------------------------
Delay:               6.705ns (Levels of Logic = 5)
  Source:            uart_unit/baud_gen_unit/r_reg_4 (FF)
  Destination:       uart_unit/uart_tx_unit/b_reg_5 (FF)
  Source Clock:      clk rising
  Destination Clock: clk rising

  Data Path: uart_unit/baud_gen_unit/r_reg_4 to uart_unit/uart_tx_unit/b_reg_5
                                Gate     Net
    Cell:in->out      fanout   Delay   Delay  Logical Name (Net Name)
    ----------------------------------------  ------------
     FDC:C->Q              5   0.591   0.636  uart_unit/baud_gen_unit/r_reg_4 (uart_unit/baud_gen_unit/r_reg_4)
     LUT4_D:I3->O          9   0.648   0.852  uart_unit/baud_gen_unit/r_next_cmp_eq000010 (uart_unit/baud_gen_unit/r_next_cmp_eq000010)
     LUT4:I2->O           17   0.648   1.054  uart_unit/uart_tx_unit/state_reg_FSM_FFd1-In1 (uart_unit/uart_tx_unit/N8)
     LUT4:I3->O            1   0.648   0.000  uart_unit/uart_tx_unit/b_reg_mux0000<5>_SW0_G (N118)
     MUXF5:I1->O           1   0.276   0.452  uart_unit/uart_tx_unit/b_reg_mux0000<5>_SW0 (N24)
     LUT3:I2->O            1   0.648   0.000  uart_unit/uart_tx_unit/b_reg_mux0000<5> (uart_unit/uart_tx_unit/b_reg_mux0000<5>)
     FDC:D                     0.252          uart_unit/uart_tx_unit/b_reg_5
    ----------------------------------------
    Total                      6.705ns (3.711ns logic, 2.994ns route)
                                       (55.3% logic, 44.7% route)

=========================================================================
Timing constraint: Default OFFSET IN BEFORE for Clock 'clk'
  Total number of paths / destination ports: 2 / 2
-------------------------------------------------------------------------
Offset:              1.521ns (Levels of Logic = 1)
  Source:            ps2d (PAD)
  Destination:       ps2_rx_unit/b_reg_8 (FF)
  Destination Clock: clk rising

  Data Path: ps2d to ps2_rx_unit/b_reg_8
                                Gate     Net
    Cell:in->out      fanout   Delay   Delay  Logical Name (Net Name)
    ----------------------------------------  ------------
     IBUF:I->O             1   0.849   0.420  ps2d_IBUF (ps2d_IBUF)
     FDCE:D                    0.252          ps2_rx_unit/b_reg_8
    ----------------------------------------
    Total                      1.521ns (1.101ns logic, 0.420ns route)
                                       (72.4% logic, 27.6% route)

=========================================================================
Timing constraint: Default OFFSET OUT AFTER for Clock 'clk'
  Total number of paths / destination ports: 9 / 9
-------------------------------------------------------------------------
Offset:              5.642ns (Levels of Logic = 1)
  Source:            ps2_rx_unit/b_reg_7 (FF)
  Destination:       leds<7> (PAD)
  Source Clock:      clk rising

  Data Path: ps2_rx_unit/b_reg_7 to leds<7>
                                Gate     Net
    Cell:in->out      fanout   Delay   Delay  Logical Name (Net Name)
    ----------------------------------------  ------------
     FDCE:C->Q             3   0.591   0.531  ps2_rx_unit/b_reg_7 (ps2_rx_unit/b_reg_7)
     OBUF:I->O                 4.520          leds_7_OBUF (leds<7>)
    ----------------------------------------
    Total                      5.642ns (5.111ns logic, 0.531ns route)
                                       (90.6% logic, 9.4% route)

=========================================================================


Total REAL time to Xst completion: 11.00 secs
Total CPU time to Xst completion: 11.28 secs
 
--> 

Total memory usage is 184752 kilobytes

Number of errors   :    0 (   0 filtered)
Number of warnings :   95 (   0 filtered)
Number of infos    :    4 (   0 filtered)

